<?xml version="1.0" encoding="UTF-8"?>
<!-- Generated by org.testng.reporters.JUnitXMLReporter -->
<testsuite ignored="0" hostname="Salik" failures="7" tests="79" name="Automobile Page Test Cases" time="38.08" errors="0" timestamp="2024-02-09T16:05:17 IST">
  <testcase classname="testcases.AutomobilePageVehicleDataTest" name="verifyAutomobileLinkTest" time="1.076"/>
  <testcase classname="testcases.AutomobilePageVehicleDataTest" name="verifyManSignMakeTest" time="0.059"/>
  <testcase classname="testcases.AutomobilePageVehicleDataTest" name="verifyHovErrMsgMakeTest" time="0.265">
    <failure type="java.lang.AssertionError" message="expected [Select an option] but found []">
      <![CDATA[java.lang.AssertionError: expected [Select an option] but found []
at testcases.AutomobilePageVehicleDataTest.verifyHovErrMsgMakeTest(AutomobilePageVehicleDataTest.java:37)
at java.base/java.util.ArrayList.forEach(ArrayList.java:1511)
... Removed 33 stack frames]]>
    </failure>
  </testcase> <!-- verifyHovErrMsgMakeTest -->
  <testcase classname="testcases.AutomobilePageVehicleDataTest" name="verifyDropdownMakeTest" time="0.168"/>
  <testcase classname="testcases.AutomobilePageVehicleDataTest" name="verifyManMsgMakeTest" time="0.312"/>
  <testcase classname="testcases.AutomobilePageVehicleDataTest" name="verifyListMakeTest" time="0.461"/>
  <testcase classname="testcases.AutomobilePageVehicleDataTest" name="verifyListMakeTest" time="0.447"/>
  <testcase classname="testcases.AutomobilePageVehicleDataTest" name="verifyListMakeTest" time="0.45"/>
  <testcase classname="testcases.AutomobilePageVehicleDataTest" name="verifyListMakeTest" time="0.385"/>
  <testcase classname="testcases.AutomobilePageVehicleDataTest" name="verifyListMakeTest" time="0.39"/>
  <testcase classname="testcases.AutomobilePageVehicleDataTest" name="verifyListMakeTest" time="0.392"/>
  <testcase classname="testcases.AutomobilePageVehicleDataTest" name="verifyListMakeTest" time="0.411"/>
  <testcase classname="testcases.AutomobilePageVehicleDataTest" name="verifyListMakeTest" time="0.41"/>
  <testcase classname="testcases.AutomobilePageVehicleDataTest" name="verifyListMakeTest" time="0.501"/>
  <testcase classname="testcases.AutomobilePageVehicleDataTest" name="verifyListMakeTest" time="0.554"/>
  <testcase classname="testcases.AutomobilePageVehicleDataTest" name="verifyListMakeTest" time="0.509"/>
  <testcase classname="testcases.AutomobilePageVehicleDataTest" name="verifyListMakeTest" time="0.514"/>
  <testcase classname="testcases.AutomobilePageVehicleDataTest" name="verifyListMakeTest" time="0.54"/>
  <testcase classname="testcases.AutomobilePageVehicleDataTest" name="verifyListMakeTest" time="0.563"/>
  <testcase classname="testcases.AutomobilePageVehicleDataTest" name="verifyListMakeTest" time="0.605"/>
  <testcase classname="testcases.AutomobilePageVehicleDataTest" name="verifyManSignEPTest" time="0.043"/>
  <testcase classname="testcases.AutomobilePageVehicleDataTest" name="verifyHovErrMsgEPTest" time="0.186">
    <failure type="java.lang.AssertionError" message="expected [This field is mandatory] but found []">
      <![CDATA[java.lang.AssertionError: expected [This field is mandatory] but found []
at testcases.AutomobilePageVehicleDataTest.verifyHovErrMsgEPTest(AutomobilePageVehicleDataTest.java:73)
at java.base/java.util.ArrayList.forEach(ArrayList.java:1511)
... Removed 33 stack frames]]>
    </failure>
  </testcase> <!-- verifyHovErrMsgEPTest -->
  <testcase classname="testcases.AutomobilePageVehicleDataTest" name="verifyManMsgEPTest" time="0.241"/>
  <testcase classname="testcases.AutomobilePageVehicleDataTest" name="alphaErrMsgEPTest" time="0.277"/>
  <testcase classname="testcases.AutomobilePageVehicleDataTest" name="speErrMsgEPTest" time="0.272"/>
  <testcase classname="testcases.AutomobilePageVehicleDataTest" name="spaceErrMsgEPTest" time="0.222"/>
  <testcase classname="testcases.AutomobilePageVehicleDataTest" name="lowErrMsgEPTest" time="0.22"/>
  <testcase classname="testcases.AutomobilePageVehicleDataTest" name="highErrMsgEPTest" time="0.251"/>
  <testcase classname="testcases.AutomobilePageVehicleDataTest" name="trueValueEPTest" time="0.204"/>
  <testcase classname="testcases.AutomobilePageVehicleDataTest" name="verifyHovErrMsgDoMTest" time="0.192">
    <failure type="java.lang.AssertionError" message="expected [This field is mandatory] but found []">
      <![CDATA[java.lang.AssertionError: expected [This field is mandatory] but found []
at testcases.AutomobilePageVehicleDataTest.verifyHovErrMsgDoMTest(AutomobilePageVehicleDataTest.java:121)
at java.base/java.util.ArrayList.forEach(ArrayList.java:1511)
... Removed 33 stack frames]]>
    </failure>
  </testcase> <!-- verifyHovErrMsgDoMTest -->
  <testcase classname="testcases.AutomobilePageVehicleDataTest" name="verifyDatePickerTest" time="0.039"/>
  <testcase classname="testcases.AutomobilePageVehicleDataTest" name="verifyCurMonthTest" time="0.146"/>
  <testcase classname="testcases.AutomobilePageVehicleDataTest" name="verifyFwdPrevButtonTest" time="0.579"/>
  <testcase classname="testcases.AutomobilePageVehicleDataTest" name="verifyFutureErrMsgTest" time="0.424"/>
  <testcase classname="testcases.AutomobilePageVehicleDataTest" name="verifyInvalidErrMsgTest" time="0.284"/>
  <testcase classname="testcases.AutomobilePageVehicleDataTest" name="verifyTrueDateTest" time="0.264"/>
  <testcase classname="testcases.AutomobilePageVehicleDataTest" name="verifyManSignNoSTest" time="0.037"/>
  <testcase classname="testcases.AutomobilePageVehicleDataTest" name="verifyHovErrMsgNoSTest" time="0.173">
    <failure type="java.lang.AssertionError" message="expected [Select an option] but found []">
      <![CDATA[java.lang.AssertionError: expected [Select an option] but found []
at testcases.AutomobilePageVehicleDataTest.verifyHovErrMsgNoSTest(AutomobilePageVehicleDataTest.java:169)
at java.base/java.util.ArrayList.forEach(ArrayList.java:1511)
... Removed 33 stack frames]]>
    </failure>
  </testcase> <!-- verifyHovErrMsgNoSTest -->
  <testcase classname="testcases.AutomobilePageVehicleDataTest" name="verifyManMsgNoSTest" time="0.255"/>
  <testcase classname="testcases.AutomobilePageVehicleDataTest" name="verifyListNoSTest" time="0.327"/>
  <testcase classname="testcases.AutomobilePageVehicleDataTest" name="verifyListNoSTest" time="0.34"/>
  <testcase classname="testcases.AutomobilePageVehicleDataTest" name="verifyListNoSTest" time="0.33"/>
  <testcase classname="testcases.AutomobilePageVehicleDataTest" name="verifyListNoSTest" time="0.358"/>
  <testcase classname="testcases.AutomobilePageVehicleDataTest" name="verifyListNoSTest" time="0.365"/>
  <testcase classname="testcases.AutomobilePageVehicleDataTest" name="verifyListNoSTest" time="0.375"/>
  <testcase classname="testcases.AutomobilePageVehicleDataTest" name="verifyListNoSTest" time="0.377"/>
  <testcase classname="testcases.AutomobilePageVehicleDataTest" name="verifyListNoSTest" time="0.395"/>
  <testcase classname="testcases.AutomobilePageVehicleDataTest" name="verifyListNoSTest" time="0.404"/>
  <testcase classname="testcases.AutomobilePageVehicleDataTest" name="verifyDropdownNoSTest" time="0.316"/>
  <testcase classname="testcases.AutomobilePageVehicleDataTest" name="verifyManSignFTTest" time="0.039"/>
  <testcase classname="testcases.AutomobilePageVehicleDataTest" name="verifyHovErrMsgFTTest" time="0.171">
    <failure type="java.lang.AssertionError" message="expected [Select an option] but found []">
      <![CDATA[java.lang.AssertionError: expected [Select an option] but found []
at testcases.AutomobilePageVehicleDataTest.verifyHovErrMsgFTTest(AutomobilePageVehicleDataTest.java:205)
at java.base/java.util.ArrayList.forEach(ArrayList.java:1511)
... Removed 33 stack frames]]>
    </failure>
  </testcase> <!-- verifyHovErrMsgFTTest -->
  <testcase classname="testcases.AutomobilePageVehicleDataTest" name="verifyManMsgFTTest" time="0.249"/>
  <testcase classname="testcases.AutomobilePageVehicleDataTest" name="verifyListFTTest" time="0.332"/>
  <testcase classname="testcases.AutomobilePageVehicleDataTest" name="verifyListFTTest" time="0.345"/>
  <testcase classname="testcases.AutomobilePageVehicleDataTest" name="verifyListFTTest" time="0.342"/>
  <testcase classname="testcases.AutomobilePageVehicleDataTest" name="verifyListFTTest" time="0.346"/>
  <testcase classname="testcases.AutomobilePageVehicleDataTest" name="verifyListFTTest" time="0.395"/>
  <testcase classname="testcases.AutomobilePageVehicleDataTest" name="verifyDropdownFTTest" time="0.284"/>
  <testcase classname="testcases.AutomobilePageVehicleDataTest" name="verifyManSignLPTest" time="0.036"/>
  <testcase classname="testcases.AutomobilePageVehicleDataTest" name="verifyHovErrMsgLPTest" time="0.165">
    <failure type="java.lang.AssertionError" message="expected [This field is mandatory] but found []">
      <![CDATA[java.lang.AssertionError: expected [This field is mandatory] but found []
at testcases.AutomobilePageVehicleDataTest.verifyHovErrMsgLPTest(AutomobilePageVehicleDataTest.java:241)
at java.base/java.util.ArrayList.forEach(ArrayList.java:1511)
... Removed 33 stack frames]]>
    </failure>
  </testcase> <!-- verifyHovErrMsgLPTest -->
  <testcase classname="testcases.AutomobilePageVehicleDataTest" name="verifyManMsgLPTest" time="0.179"/>
  <testcase classname="testcases.AutomobilePageVehicleDataTest" name="alphaErrMsgLPTest" time="0.212"/>
  <testcase classname="testcases.AutomobilePageVehicleDataTest" name="speErrMsgLPTest" time="0.247"/>
  <testcase classname="testcases.AutomobilePageVehicleDataTest" name="spaceErrMsgLPTest" time="0.211"/>
  <testcase classname="testcases.AutomobilePageVehicleDataTest" name="lowErrMsgLPTest" time="0.237"/>
  <testcase classname="testcases.AutomobilePageVehicleDataTest" name="highErrMsgLPTest" time="0.216"/>
  <testcase classname="testcases.AutomobilePageVehicleDataTest" name="trueValueLPTest" time="0.205"/>
  <testcase classname="testcases.AutomobilePageVehicleDataTest" name="verifyErrMsgLicPNTest" time="0.249"/>
  <testcase classname="testcases.AutomobilePageVehicleDataTest" name="verifyTrueLicPNTest" time="0.241"/>
  <testcase classname="testcases.AutomobilePageVehicleDataTest" name="verifyManSignAMTest" time="0.037"/>
  <testcase classname="testcases.AutomobilePageVehicleDataTest" name="verifyHovErrMsgAMTest" time="0.168">
    <failure type="java.lang.AssertionError" message="expected [This field is mandatory] but found []">
      <![CDATA[java.lang.AssertionError: expected [This field is mandatory] but found []
at testcases.AutomobilePageVehicleDataTest.verifyHovErrMsgAMTest(AutomobilePageVehicleDataTest.java:307)
at java.base/java.util.ArrayList.forEach(ArrayList.java:1511)
... Removed 33 stack frames]]>
    </failure>
  </testcase> <!-- verifyHovErrMsgAMTest -->
  <testcase classname="testcases.AutomobilePageVehicleDataTest" name="verifyManMsgAMTest" time="0.182"/>
  <testcase classname="testcases.AutomobilePageVehicleDataTest" name="alphaErrMsgAMTest" time="0.205"/>
  <testcase classname="testcases.AutomobilePageVehicleDataTest" name="speErrMsgAMTest" time="0.224"/>
  <testcase classname="testcases.AutomobilePageVehicleDataTest" name="spaceErrMsgAMTest" time="0.213"/>
  <testcase classname="testcases.AutomobilePageVehicleDataTest" name="lowErrMsgAMTest" time="0.209"/>
  <testcase classname="testcases.AutomobilePageVehicleDataTest" name="highErrMsgAMTest" time="0.228"/>
  <testcase classname="testcases.AutomobilePageVehicleDataTest" name="trueValueAMTest" time="0.209"/>
  <testcase classname="testcases.AutomobilePageVehicleDataTest" name="verifyNextButtonTest" time="0.156"/>
</testsuite> <!-- Automobile Page Test Cases -->
