<html>
<head>
<title>TestNG:  Automobile Page Test Cases</title>
<link href="../testng.css" rel="stylesheet" type="text/css" />
<link href="../my-testng.css" rel="stylesheet" type="text/css" />

<style type="text/css">
.log { display: none;} 
.stack-trace { display: none;} 
</style>
<script type="text/javascript">
<!--
function flip(e) {
  current = e.style.display;
  if (current == 'block') {
    e.style.display = 'none';
    return 0;
  }
  else {
    e.style.display = 'block';
    return 1;
  }
}

function toggleBox(szDivId, elem, msg1, msg2)
{
  var res = -1;  if (document.getElementById) {
    res = flip(document.getElementById(szDivId));
  }
  else if (document.all) {
    // this is the way old msie versions work
    res = flip(document.all[szDivId]);
  }
  if(elem) {
    if(res == 0) elem.innerHTML = msg1; else elem.innerHTML = msg2;
  }

}

function toggleAllBoxes() {
  if (document.getElementsByTagName) {
    d = document.getElementsByTagName('div');
    for (i = 0; i < d.length; i++) {
      if (d[i].className == 'log') {
        flip(d[i]);
      }
    }
  }
}

// -->
</script>

</head>
<body>
<h2 align='center'>Automobile Page Test Cases</h2><table border='1' align="center">
<tr>
<td>Tests passed/Failed/Skipped:</td><td>72/7/0</td>
</tr><tr>
<td>Started on:</td><td>Fri Feb 09 16:04:39 IST 2024</td>
</tr>
<tr><td>Total time:</td><td>38 seconds (38080 ms)</td>
</tr><tr>
<td>Included groups:</td><td></td>
</tr><tr>
<td>Excluded groups:</td><td></td>
</tr>
</table><p/>
<small><i>(Hover the method name to see the test class name)</i></small><p/>
<table width='100%' border='1' class='invocation-failed'>
<tr><td colspan='4' align='center'><b>FAILED TESTS</b></td></tr>
<tr><td><b>Test method</b></td>
<td width="30%"><b>Exception</b></td>
<td width="10%"><b>Time (seconds)</b></td>
<td><b>Instance</b></td>
</tr>
<tr>
<td title='testcases.AutomobilePageVehicleDataTest.verifyHovErrMsgLPTest()'><b>verifyHovErrMsgLPTest</b><br>Test class: testcases.AutomobilePageVehicleDataTest</td>
<td><div><pre>java.lang.AssertionError: expected [This field is mandatory] but found []
	at testcases.AutomobilePageVehicleDataTest.verifyHovErrMsgLPTest(AutomobilePageVehicleDataTest.java:241)
	at java.base/java.util.ArrayList.forEach(ArrayList.java:1511)
... Removed 33 stack frames</pre></div><a href='#' onClick='toggleBox("stack-trace413935078", this, "Click to show all stack frames", "Click to hide stack frames")'>Click to show all stack frames</a>
<div class='stack-trace' id='stack-trace413935078'><pre>java.lang.AssertionError: expected [This field is mandatory] but found []
	at org.testng.Assert.fail(Assert.java:99)
	at org.testng.Assert.failNotEquals(Assert.java:1037)
	at org.testng.Assert.assertEqualsImpl(Assert.java:140)
	at org.testng.Assert.assertEquals(Assert.java:122)
	at org.testng.Assert.assertEquals(Assert.java:629)
	at org.testng.Assert.assertEquals(Assert.java:639)
	at testcases.AutomobilePageVehicleDataTest.verifyHovErrMsgLPTest(AutomobilePageVehicleDataTest.java:241)
	at java.base/jdk.internal.reflect.NativeMethodAccessorImpl.invoke0(Native Method)
	at java.base/jdk.internal.reflect.NativeMethodAccessorImpl.invoke(NativeMethodAccessorImpl.java:77)
	at java.base/jdk.internal.reflect.DelegatingMethodAccessorImpl.invoke(DelegatingMethodAccessorImpl.java:43)
	at java.base/java.lang.reflect.Method.invoke(Method.java:568)
	at org.testng.internal.MethodInvocationHelper.invokeMethod(MethodInvocationHelper.java:133)
	at org.testng.internal.TestInvoker.invokeMethod(TestInvoker.java:598)
	at org.testng.internal.TestInvoker.invokeTestMethod(TestInvoker.java:173)
	at org.testng.internal.MethodRunner.runInSequence(MethodRunner.java:46)
	at org.testng.internal.TestInvoker$MethodInvocationAgent.invoke(TestInvoker.java:824)
	at org.testng.internal.TestInvoker.invokeTestMethods(TestInvoker.java:146)
	at org.testng.internal.TestMethodWorker.invokeTestMethods(TestMethodWorker.java:146)
	at org.testng.internal.TestMethodWorker.run(TestMethodWorker.java:128)
	at java.base/java.util.ArrayList.forEach(ArrayList.java:1511)
	at org.testng.TestRunner.privateRun(TestRunner.java:794)
	at org.testng.TestRunner.run(TestRunner.java:596)
	at org.testng.SuiteRunner.runTest(SuiteRunner.java:377)
	at org.testng.SuiteRunner.runSequentially(SuiteRunner.java:371)
	at org.testng.SuiteRunner.privateRun(SuiteRunner.java:332)
	at org.testng.SuiteRunner.run(SuiteRunner.java:276)
	at org.testng.SuiteRunnerWorker.runSuite(SuiteRunnerWorker.java:53)
	at org.testng.SuiteRunnerWorker.run(SuiteRunnerWorker.java:96)
	at org.testng.TestNG.runSuitesSequentially(TestNG.java:1212)
	at org.testng.TestNG.runSuitesLocally(TestNG.java:1134)
	at org.testng.TestNG.runSuites(TestNG.java:1063)
	at org.testng.TestNG.run(TestNG.java:1031)
	at org.testng.remote.AbstractRemoteTestNG.run(AbstractRemoteTestNG.java:115)
	at org.testng.remote.RemoteTestNG.initAndRun(RemoteTestNG.java:251)
	at org.testng.remote.RemoteTestNG.main(RemoteTestNG.java:77)
</pre></div></td>
<td>0</td>
<td>testcases.AutomobilePageVehicleDataTest@62379589</td></tr>
<tr>
<td title='testcases.AutomobilePageVehicleDataTest.verifyHovErrMsgDoMTest()'><b>verifyHovErrMsgDoMTest</b><br>Test class: testcases.AutomobilePageVehicleDataTest</td>
<td><div><pre>java.lang.AssertionError: expected [This field is mandatory] but found []
	at testcases.AutomobilePageVehicleDataTest.verifyHovErrMsgDoMTest(AutomobilePageVehicleDataTest.java:121)
	at java.base/java.util.ArrayList.forEach(ArrayList.java:1511)
... Removed 33 stack frames</pre></div><a href='#' onClick='toggleBox("stack-trace1860905408", this, "Click to show all stack frames", "Click to hide stack frames")'>Click to show all stack frames</a>
<div class='stack-trace' id='stack-trace1860905408'><pre>java.lang.AssertionError: expected [This field is mandatory] but found []
	at org.testng.Assert.fail(Assert.java:99)
	at org.testng.Assert.failNotEquals(Assert.java:1037)
	at org.testng.Assert.assertEqualsImpl(Assert.java:140)
	at org.testng.Assert.assertEquals(Assert.java:122)
	at org.testng.Assert.assertEquals(Assert.java:629)
	at org.testng.Assert.assertEquals(Assert.java:639)
	at testcases.AutomobilePageVehicleDataTest.verifyHovErrMsgDoMTest(AutomobilePageVehicleDataTest.java:121)
	at java.base/jdk.internal.reflect.NativeMethodAccessorImpl.invoke0(Native Method)
	at java.base/jdk.internal.reflect.NativeMethodAccessorImpl.invoke(NativeMethodAccessorImpl.java:77)
	at java.base/jdk.internal.reflect.DelegatingMethodAccessorImpl.invoke(DelegatingMethodAccessorImpl.java:43)
	at java.base/java.lang.reflect.Method.invoke(Method.java:568)
	at org.testng.internal.MethodInvocationHelper.invokeMethod(MethodInvocationHelper.java:133)
	at org.testng.internal.TestInvoker.invokeMethod(TestInvoker.java:598)
	at org.testng.internal.TestInvoker.invokeTestMethod(TestInvoker.java:173)
	at org.testng.internal.MethodRunner.runInSequence(MethodRunner.java:46)
	at org.testng.internal.TestInvoker$MethodInvocationAgent.invoke(TestInvoker.java:824)
	at org.testng.internal.TestInvoker.invokeTestMethods(TestInvoker.java:146)
	at org.testng.internal.TestMethodWorker.invokeTestMethods(TestMethodWorker.java:146)
	at org.testng.internal.TestMethodWorker.run(TestMethodWorker.java:128)
	at java.base/java.util.ArrayList.forEach(ArrayList.java:1511)
	at org.testng.TestRunner.privateRun(TestRunner.java:794)
	at org.testng.TestRunner.run(TestRunner.java:596)
	at org.testng.SuiteRunner.runTest(SuiteRunner.java:377)
	at org.testng.SuiteRunner.runSequentially(SuiteRunner.java:371)
	at org.testng.SuiteRunner.privateRun(SuiteRunner.java:332)
	at org.testng.SuiteRunner.run(SuiteRunner.java:276)
	at org.testng.SuiteRunnerWorker.runSuite(SuiteRunnerWorker.java:53)
	at org.testng.SuiteRunnerWorker.run(SuiteRunnerWorker.java:96)
	at org.testng.TestNG.runSuitesSequentially(TestNG.java:1212)
	at org.testng.TestNG.runSuitesLocally(TestNG.java:1134)
	at org.testng.TestNG.runSuites(TestNG.java:1063)
	at org.testng.TestNG.run(TestNG.java:1031)
	at org.testng.remote.AbstractRemoteTestNG.run(AbstractRemoteTestNG.java:115)
	at org.testng.remote.RemoteTestNG.initAndRun(RemoteTestNG.java:251)
	at org.testng.remote.RemoteTestNG.main(RemoteTestNG.java:77)
</pre></div></td>
<td>0</td>
<td>testcases.AutomobilePageVehicleDataTest@62379589</td></tr>
<tr>
<td title='testcases.AutomobilePageVehicleDataTest.verifyHovErrMsgAMTest()'><b>verifyHovErrMsgAMTest</b><br>Test class: testcases.AutomobilePageVehicleDataTest</td>
<td><div><pre>java.lang.AssertionError: expected [This field is mandatory] but found []
	at testcases.AutomobilePageVehicleDataTest.verifyHovErrMsgAMTest(AutomobilePageVehicleDataTest.java:307)
	at java.base/java.util.ArrayList.forEach(ArrayList.java:1511)
... Removed 33 stack frames</pre></div><a href='#' onClick='toggleBox("stack-trace193456779", this, "Click to show all stack frames", "Click to hide stack frames")'>Click to show all stack frames</a>
<div class='stack-trace' id='stack-trace193456779'><pre>java.lang.AssertionError: expected [This field is mandatory] but found []
	at org.testng.Assert.fail(Assert.java:99)
	at org.testng.Assert.failNotEquals(Assert.java:1037)
	at org.testng.Assert.assertEqualsImpl(Assert.java:140)
	at org.testng.Assert.assertEquals(Assert.java:122)
	at org.testng.Assert.assertEquals(Assert.java:629)
	at org.testng.Assert.assertEquals(Assert.java:639)
	at testcases.AutomobilePageVehicleDataTest.verifyHovErrMsgAMTest(AutomobilePageVehicleDataTest.java:307)
	at java.base/jdk.internal.reflect.NativeMethodAccessorImpl.invoke0(Native Method)
	at java.base/jdk.internal.reflect.NativeMethodAccessorImpl.invoke(NativeMethodAccessorImpl.java:77)
	at java.base/jdk.internal.reflect.DelegatingMethodAccessorImpl.invoke(DelegatingMethodAccessorImpl.java:43)
	at java.base/java.lang.reflect.Method.invoke(Method.java:568)
	at org.testng.internal.MethodInvocationHelper.invokeMethod(MethodInvocationHelper.java:133)
	at org.testng.internal.TestInvoker.invokeMethod(TestInvoker.java:598)
	at org.testng.internal.TestInvoker.invokeTestMethod(TestInvoker.java:173)
	at org.testng.internal.MethodRunner.runInSequence(MethodRunner.java:46)
	at org.testng.internal.TestInvoker$MethodInvocationAgent.invoke(TestInvoker.java:824)
	at org.testng.internal.TestInvoker.invokeTestMethods(TestInvoker.java:146)
	at org.testng.internal.TestMethodWorker.invokeTestMethods(TestMethodWorker.java:146)
	at org.testng.internal.TestMethodWorker.run(TestMethodWorker.java:128)
	at java.base/java.util.ArrayList.forEach(ArrayList.java:1511)
	at org.testng.TestRunner.privateRun(TestRunner.java:794)
	at org.testng.TestRunner.run(TestRunner.java:596)
	at org.testng.SuiteRunner.runTest(SuiteRunner.java:377)
	at org.testng.SuiteRunner.runSequentially(SuiteRunner.java:371)
	at org.testng.SuiteRunner.privateRun(SuiteRunner.java:332)
	at org.testng.SuiteRunner.run(SuiteRunner.java:276)
	at org.testng.SuiteRunnerWorker.runSuite(SuiteRunnerWorker.java:53)
	at org.testng.SuiteRunnerWorker.run(SuiteRunnerWorker.java:96)
	at org.testng.TestNG.runSuitesSequentially(TestNG.java:1212)
	at org.testng.TestNG.runSuitesLocally(TestNG.java:1134)
	at org.testng.TestNG.runSuites(TestNG.java:1063)
	at org.testng.TestNG.run(TestNG.java:1031)
	at org.testng.remote.AbstractRemoteTestNG.run(AbstractRemoteTestNG.java:115)
	at org.testng.remote.RemoteTestNG.initAndRun(RemoteTestNG.java:251)
	at org.testng.remote.RemoteTestNG.main(RemoteTestNG.java:77)
</pre></div></td>
<td>0</td>
<td>testcases.AutomobilePageVehicleDataTest@62379589</td></tr>
<tr>
<td title='testcases.AutomobilePageVehicleDataTest.verifyHovErrMsgMakeTest()'><b>verifyHovErrMsgMakeTest</b><br>Test class: testcases.AutomobilePageVehicleDataTest</td>
<td><div><pre>java.lang.AssertionError: expected [Select an option] but found []
	at testcases.AutomobilePageVehicleDataTest.verifyHovErrMsgMakeTest(AutomobilePageVehicleDataTest.java:37)
	at java.base/java.util.ArrayList.forEach(ArrayList.java:1511)
... Removed 33 stack frames</pre></div><a href='#' onClick='toggleBox("stack-trace1244211620", this, "Click to show all stack frames", "Click to hide stack frames")'>Click to show all stack frames</a>
<div class='stack-trace' id='stack-trace1244211620'><pre>java.lang.AssertionError: expected [Select an option] but found []
	at org.testng.Assert.fail(Assert.java:99)
	at org.testng.Assert.failNotEquals(Assert.java:1037)
	at org.testng.Assert.assertEqualsImpl(Assert.java:140)
	at org.testng.Assert.assertEquals(Assert.java:122)
	at org.testng.Assert.assertEquals(Assert.java:629)
	at org.testng.Assert.assertEquals(Assert.java:639)
	at testcases.AutomobilePageVehicleDataTest.verifyHovErrMsgMakeTest(AutomobilePageVehicleDataTest.java:37)
	at java.base/jdk.internal.reflect.NativeMethodAccessorImpl.invoke0(Native Method)
	at java.base/jdk.internal.reflect.NativeMethodAccessorImpl.invoke(NativeMethodAccessorImpl.java:77)
	at java.base/jdk.internal.reflect.DelegatingMethodAccessorImpl.invoke(DelegatingMethodAccessorImpl.java:43)
	at java.base/java.lang.reflect.Method.invoke(Method.java:568)
	at org.testng.internal.MethodInvocationHelper.invokeMethod(MethodInvocationHelper.java:133)
	at org.testng.internal.TestInvoker.invokeMethod(TestInvoker.java:598)
	at org.testng.internal.TestInvoker.invokeTestMethod(TestInvoker.java:173)
	at org.testng.internal.MethodRunner.runInSequence(MethodRunner.java:46)
	at org.testng.internal.TestInvoker$MethodInvocationAgent.invoke(TestInvoker.java:824)
	at org.testng.internal.TestInvoker.invokeTestMethods(TestInvoker.java:146)
	at org.testng.internal.TestMethodWorker.invokeTestMethods(TestMethodWorker.java:146)
	at org.testng.internal.TestMethodWorker.run(TestMethodWorker.java:128)
	at java.base/java.util.ArrayList.forEach(ArrayList.java:1511)
	at org.testng.TestRunner.privateRun(TestRunner.java:794)
	at org.testng.TestRunner.run(TestRunner.java:596)
	at org.testng.SuiteRunner.runTest(SuiteRunner.java:377)
	at org.testng.SuiteRunner.runSequentially(SuiteRunner.java:371)
	at org.testng.SuiteRunner.privateRun(SuiteRunner.java:332)
	at org.testng.SuiteRunner.run(SuiteRunner.java:276)
	at org.testng.SuiteRunnerWorker.runSuite(SuiteRunnerWorker.java:53)
	at org.testng.SuiteRunnerWorker.run(SuiteRunnerWorker.java:96)
	at org.testng.TestNG.runSuitesSequentially(TestNG.java:1212)
	at org.testng.TestNG.runSuitesLocally(TestNG.java:1134)
	at org.testng.TestNG.runSuites(TestNG.java:1063)
	at org.testng.TestNG.run(TestNG.java:1031)
	at org.testng.remote.AbstractRemoteTestNG.run(AbstractRemoteTestNG.java:115)
	at org.testng.remote.RemoteTestNG.initAndRun(RemoteTestNG.java:251)
	at org.testng.remote.RemoteTestNG.main(RemoteTestNG.java:77)
</pre></div></td>
<td>0</td>
<td>testcases.AutomobilePageVehicleDataTest@62379589</td></tr>
<tr>
<td title='testcases.AutomobilePageVehicleDataTest.verifyHovErrMsgNoSTest()'><b>verifyHovErrMsgNoSTest</b><br>Test class: testcases.AutomobilePageVehicleDataTest</td>
<td><div><pre>java.lang.AssertionError: expected [Select an option] but found []
	at testcases.AutomobilePageVehicleDataTest.verifyHovErrMsgNoSTest(AutomobilePageVehicleDataTest.java:169)
	at java.base/java.util.ArrayList.forEach(ArrayList.java:1511)
... Removed 33 stack frames</pre></div><a href='#' onClick='toggleBox("stack-trace1114221271", this, "Click to show all stack frames", "Click to hide stack frames")'>Click to show all stack frames</a>
<div class='stack-trace' id='stack-trace1114221271'><pre>java.lang.AssertionError: expected [Select an option] but found []
	at org.testng.Assert.fail(Assert.java:99)
	at org.testng.Assert.failNotEquals(Assert.java:1037)
	at org.testng.Assert.assertEqualsImpl(Assert.java:140)
	at org.testng.Assert.assertEquals(Assert.java:122)
	at org.testng.Assert.assertEquals(Assert.java:629)
	at org.testng.Assert.assertEquals(Assert.java:639)
	at testcases.AutomobilePageVehicleDataTest.verifyHovErrMsgNoSTest(AutomobilePageVehicleDataTest.java:169)
	at java.base/jdk.internal.reflect.NativeMethodAccessorImpl.invoke0(Native Method)
	at java.base/jdk.internal.reflect.NativeMethodAccessorImpl.invoke(NativeMethodAccessorImpl.java:77)
	at java.base/jdk.internal.reflect.DelegatingMethodAccessorImpl.invoke(DelegatingMethodAccessorImpl.java:43)
	at java.base/java.lang.reflect.Method.invoke(Method.java:568)
	at org.testng.internal.MethodInvocationHelper.invokeMethod(MethodInvocationHelper.java:133)
	at org.testng.internal.TestInvoker.invokeMethod(TestInvoker.java:598)
	at org.testng.internal.TestInvoker.invokeTestMethod(TestInvoker.java:173)
	at org.testng.internal.MethodRunner.runInSequence(MethodRunner.java:46)
	at org.testng.internal.TestInvoker$MethodInvocationAgent.invoke(TestInvoker.java:824)
	at org.testng.internal.TestInvoker.invokeTestMethods(TestInvoker.java:146)
	at org.testng.internal.TestMethodWorker.invokeTestMethods(TestMethodWorker.java:146)
	at org.testng.internal.TestMethodWorker.run(TestMethodWorker.java:128)
	at java.base/java.util.ArrayList.forEach(ArrayList.java:1511)
	at org.testng.TestRunner.privateRun(TestRunner.java:794)
	at org.testng.TestRunner.run(TestRunner.java:596)
	at org.testng.SuiteRunner.runTest(SuiteRunner.java:377)
	at org.testng.SuiteRunner.runSequentially(SuiteRunner.java:371)
	at org.testng.SuiteRunner.privateRun(SuiteRunner.java:332)
	at org.testng.SuiteRunner.run(SuiteRunner.java:276)
	at org.testng.SuiteRunnerWorker.runSuite(SuiteRunnerWorker.java:53)
	at org.testng.SuiteRunnerWorker.run(SuiteRunnerWorker.java:96)
	at org.testng.TestNG.runSuitesSequentially(TestNG.java:1212)
	at org.testng.TestNG.runSuitesLocally(TestNG.java:1134)
	at org.testng.TestNG.runSuites(TestNG.java:1063)
	at org.testng.TestNG.run(TestNG.java:1031)
	at org.testng.remote.AbstractRemoteTestNG.run(AbstractRemoteTestNG.java:115)
	at org.testng.remote.RemoteTestNG.initAndRun(RemoteTestNG.java:251)
	at org.testng.remote.RemoteTestNG.main(RemoteTestNG.java:77)
</pre></div></td>
<td>0</td>
<td>testcases.AutomobilePageVehicleDataTest@62379589</td></tr>
<tr>
<td title='testcases.AutomobilePageVehicleDataTest.verifyHovErrMsgEPTest()'><b>verifyHovErrMsgEPTest</b><br>Test class: testcases.AutomobilePageVehicleDataTest</td>
<td><div><pre>java.lang.AssertionError: expected [This field is mandatory] but found []
	at testcases.AutomobilePageVehicleDataTest.verifyHovErrMsgEPTest(AutomobilePageVehicleDataTest.java:73)
	at java.base/java.util.ArrayList.forEach(ArrayList.java:1511)
... Removed 33 stack frames</pre></div><a href='#' onClick='toggleBox("stack-trace1951403599", this, "Click to show all stack frames", "Click to hide stack frames")'>Click to show all stack frames</a>
<div class='stack-trace' id='stack-trace1951403599'><pre>java.lang.AssertionError: expected [This field is mandatory] but found []
	at org.testng.Assert.fail(Assert.java:99)
	at org.testng.Assert.failNotEquals(Assert.java:1037)
	at org.testng.Assert.assertEqualsImpl(Assert.java:140)
	at org.testng.Assert.assertEquals(Assert.java:122)
	at org.testng.Assert.assertEquals(Assert.java:629)
	at org.testng.Assert.assertEquals(Assert.java:639)
	at testcases.AutomobilePageVehicleDataTest.verifyHovErrMsgEPTest(AutomobilePageVehicleDataTest.java:73)
	at java.base/jdk.internal.reflect.NativeMethodAccessorImpl.invoke0(Native Method)
	at java.base/jdk.internal.reflect.NativeMethodAccessorImpl.invoke(NativeMethodAccessorImpl.java:77)
	at java.base/jdk.internal.reflect.DelegatingMethodAccessorImpl.invoke(DelegatingMethodAccessorImpl.java:43)
	at java.base/java.lang.reflect.Method.invoke(Method.java:568)
	at org.testng.internal.MethodInvocationHelper.invokeMethod(MethodInvocationHelper.java:133)
	at org.testng.internal.TestInvoker.invokeMethod(TestInvoker.java:598)
	at org.testng.internal.TestInvoker.invokeTestMethod(TestInvoker.java:173)
	at org.testng.internal.MethodRunner.runInSequence(MethodRunner.java:46)
	at org.testng.internal.TestInvoker$MethodInvocationAgent.invoke(TestInvoker.java:824)
	at org.testng.internal.TestInvoker.invokeTestMethods(TestInvoker.java:146)
	at org.testng.internal.TestMethodWorker.invokeTestMethods(TestMethodWorker.java:146)
	at org.testng.internal.TestMethodWorker.run(TestMethodWorker.java:128)
	at java.base/java.util.ArrayList.forEach(ArrayList.java:1511)
	at org.testng.TestRunner.privateRun(TestRunner.java:794)
	at org.testng.TestRunner.run(TestRunner.java:596)
	at org.testng.SuiteRunner.runTest(SuiteRunner.java:377)
	at org.testng.SuiteRunner.runSequentially(SuiteRunner.java:371)
	at org.testng.SuiteRunner.privateRun(SuiteRunner.java:332)
	at org.testng.SuiteRunner.run(SuiteRunner.java:276)
	at org.testng.SuiteRunnerWorker.runSuite(SuiteRunnerWorker.java:53)
	at org.testng.SuiteRunnerWorker.run(SuiteRunnerWorker.java:96)
	at org.testng.TestNG.runSuitesSequentially(TestNG.java:1212)
	at org.testng.TestNG.runSuitesLocally(TestNG.java:1134)
	at org.testng.TestNG.runSuites(TestNG.java:1063)
	at org.testng.TestNG.run(TestNG.java:1031)
	at org.testng.remote.AbstractRemoteTestNG.run(AbstractRemoteTestNG.java:115)
	at org.testng.remote.RemoteTestNG.initAndRun(RemoteTestNG.java:251)
	at org.testng.remote.RemoteTestNG.main(RemoteTestNG.java:77)
</pre></div></td>
<td>0</td>
<td>testcases.AutomobilePageVehicleDataTest@62379589</td></tr>
<tr>
<td title='testcases.AutomobilePageVehicleDataTest.verifyHovErrMsgFTTest()'><b>verifyHovErrMsgFTTest</b><br>Test class: testcases.AutomobilePageVehicleDataTest</td>
<td><div><pre>java.lang.AssertionError: expected [Select an option] but found []
	at testcases.AutomobilePageVehicleDataTest.verifyHovErrMsgFTTest(AutomobilePageVehicleDataTest.java:205)
	at java.base/java.util.ArrayList.forEach(ArrayList.java:1511)
... Removed 33 stack frames</pre></div><a href='#' onClick='toggleBox("stack-trace356279811", this, "Click to show all stack frames", "Click to hide stack frames")'>Click to show all stack frames</a>
<div class='stack-trace' id='stack-trace356279811'><pre>java.lang.AssertionError: expected [Select an option] but found []
	at org.testng.Assert.fail(Assert.java:99)
	at org.testng.Assert.failNotEquals(Assert.java:1037)
	at org.testng.Assert.assertEqualsImpl(Assert.java:140)
	at org.testng.Assert.assertEquals(Assert.java:122)
	at org.testng.Assert.assertEquals(Assert.java:629)
	at org.testng.Assert.assertEquals(Assert.java:639)
	at testcases.AutomobilePageVehicleDataTest.verifyHovErrMsgFTTest(AutomobilePageVehicleDataTest.java:205)
	at java.base/jdk.internal.reflect.NativeMethodAccessorImpl.invoke0(Native Method)
	at java.base/jdk.internal.reflect.NativeMethodAccessorImpl.invoke(NativeMethodAccessorImpl.java:77)
	at java.base/jdk.internal.reflect.DelegatingMethodAccessorImpl.invoke(DelegatingMethodAccessorImpl.java:43)
	at java.base/java.lang.reflect.Method.invoke(Method.java:568)
	at org.testng.internal.MethodInvocationHelper.invokeMethod(MethodInvocationHelper.java:133)
	at org.testng.internal.TestInvoker.invokeMethod(TestInvoker.java:598)
	at org.testng.internal.TestInvoker.invokeTestMethod(TestInvoker.java:173)
	at org.testng.internal.MethodRunner.runInSequence(MethodRunner.java:46)
	at org.testng.internal.TestInvoker$MethodInvocationAgent.invoke(TestInvoker.java:824)
	at org.testng.internal.TestInvoker.invokeTestMethods(TestInvoker.java:146)
	at org.testng.internal.TestMethodWorker.invokeTestMethods(TestMethodWorker.java:146)
	at org.testng.internal.TestMethodWorker.run(TestMethodWorker.java:128)
	at java.base/java.util.ArrayList.forEach(ArrayList.java:1511)
	at org.testng.TestRunner.privateRun(TestRunner.java:794)
	at org.testng.TestRunner.run(TestRunner.java:596)
	at org.testng.SuiteRunner.runTest(SuiteRunner.java:377)
	at org.testng.SuiteRunner.runSequentially(SuiteRunner.java:371)
	at org.testng.SuiteRunner.privateRun(SuiteRunner.java:332)
	at org.testng.SuiteRunner.run(SuiteRunner.java:276)
	at org.testng.SuiteRunnerWorker.runSuite(SuiteRunnerWorker.java:53)
	at org.testng.SuiteRunnerWorker.run(SuiteRunnerWorker.java:96)
	at org.testng.TestNG.runSuitesSequentially(TestNG.java:1212)
	at org.testng.TestNG.runSuitesLocally(TestNG.java:1134)
	at org.testng.TestNG.runSuites(TestNG.java:1063)
	at org.testng.TestNG.run(TestNG.java:1031)
	at org.testng.remote.AbstractRemoteTestNG.run(AbstractRemoteTestNG.java:115)
	at org.testng.remote.RemoteTestNG.initAndRun(RemoteTestNG.java:251)
	at org.testng.remote.RemoteTestNG.main(RemoteTestNG.java:77)
</pre></div></td>
<td>0</td>
<td>testcases.AutomobilePageVehicleDataTest@62379589</td></tr>
</table><p>
<table width='100%' border='1' class='invocation-passed'>
<tr><td colspan='4' align='center'><b>PASSED TESTS</b></td></tr>
<tr><td><b>Test method</b></td>
<td width="30%"><b>Exception</b></td>
<td width="10%"><b>Time (seconds)</b></td>
<td><b>Instance</b></td>
</tr>
<tr>
<td title='testcases.AutomobilePageVehicleDataTest.verifyListNoSTest()'><b>verifyListNoSTest</b><br>Test class: testcases.AutomobilePageVehicleDataTest<br>Parameters: 7</td>
<td></td>
<td>0</td>
<td>testcases.AutomobilePageVehicleDataTest@62379589</td></tr>
<tr>
<td title='testcases.AutomobilePageVehicleDataTest.verifyFwdPrevButtonTest()'><b>verifyFwdPrevButtonTest</b><br>Test class: testcases.AutomobilePageVehicleDataTest</td>
<td></td>
<td>0</td>
<td>testcases.AutomobilePageVehicleDataTest@62379589</td></tr>
<tr>
<td title='testcases.AutomobilePageVehicleDataTest.highErrMsgEPTest()'><b>highErrMsgEPTest</b><br>Test class: testcases.AutomobilePageVehicleDataTest</td>
<td></td>
<td>0</td>
<td>testcases.AutomobilePageVehicleDataTest@62379589</td></tr>
<tr>
<td title='testcases.AutomobilePageVehicleDataTest.verifyErrMsgLicPNTest()'><b>verifyErrMsgLicPNTest</b><br>Test class: testcases.AutomobilePageVehicleDataTest</td>
<td></td>
<td>0</td>
<td>testcases.AutomobilePageVehicleDataTest@62379589</td></tr>
<tr>
<td title='testcases.AutomobilePageVehicleDataTest.trueValueAMTest()'><b>trueValueAMTest</b><br>Test class: testcases.AutomobilePageVehicleDataTest</td>
<td></td>
<td>0</td>
<td>testcases.AutomobilePageVehicleDataTest@62379589</td></tr>
<tr>
<td title='testcases.AutomobilePageVehicleDataTest.verifyListMakeTest()'><b>verifyListMakeTest</b><br>Test class: testcases.AutomobilePageVehicleDataTest<br>Parameters: Skoda</td>
<td></td>
<td>0</td>
<td>testcases.AutomobilePageVehicleDataTest@62379589</td></tr>
<tr>
<td title='testcases.AutomobilePageVehicleDataTest.verifyCurMonthTest()'><b>verifyCurMonthTest</b><br>Test class: testcases.AutomobilePageVehicleDataTest</td>
<td></td>
<td>0</td>
<td>testcases.AutomobilePageVehicleDataTest@62379589</td></tr>
<tr>
<td title='testcases.AutomobilePageVehicleDataTest.verifyManSignEPTest()'><b>verifyManSignEPTest</b><br>Test class: testcases.AutomobilePageVehicleDataTest</td>
<td></td>
<td>0</td>
<td>testcases.AutomobilePageVehicleDataTest@62379589</td></tr>
<tr>
<td title='testcases.AutomobilePageVehicleDataTest.verifyManSignLPTest()'><b>verifyManSignLPTest</b><br>Test class: testcases.AutomobilePageVehicleDataTest</td>
<td></td>
<td>0</td>
<td>testcases.AutomobilePageVehicleDataTest@62379589</td></tr>
<tr>
<td title='testcases.AutomobilePageVehicleDataTest.verifyListMakeTest()'><b>verifyListMakeTest</b><br>Test class: testcases.AutomobilePageVehicleDataTest<br>Parameters: Renault</td>
<td></td>
<td>0</td>
<td>testcases.AutomobilePageVehicleDataTest@62379589</td></tr>
<tr>
<td title='testcases.AutomobilePageVehicleDataTest.verifyListNoSTest()'><b>verifyListNoSTest</b><br>Test class: testcases.AutomobilePageVehicleDataTest<br>Parameters: 8</td>
<td></td>
<td>0</td>
<td>testcases.AutomobilePageVehicleDataTest@62379589</td></tr>
<tr>
<td title='testcases.AutomobilePageVehicleDataTest.spaceErrMsgEPTest()'><b>spaceErrMsgEPTest</b><br>Test class: testcases.AutomobilePageVehicleDataTest</td>
<td></td>
<td>0</td>
<td>testcases.AutomobilePageVehicleDataTest@62379589</td></tr>
<tr>
<td title='testcases.AutomobilePageVehicleDataTest.verifyListMakeTest()'><b>verifyListMakeTest</b><br>Test class: testcases.AutomobilePageVehicleDataTest<br>Parameters: Volkswagen</td>
<td></td>
<td>0</td>
<td>testcases.AutomobilePageVehicleDataTest@62379589</td></tr>
<tr>
<td title='testcases.AutomobilePageVehicleDataTest.verifyListNoSTest()'><b>verifyListNoSTest</b><br>Test class: testcases.AutomobilePageVehicleDataTest<br>Parameters: 2</td>
<td></td>
<td>0</td>
<td>testcases.AutomobilePageVehicleDataTest@62379589</td></tr>
<tr>
<td title='testcases.AutomobilePageVehicleDataTest.verifyFutureErrMsgTest()'><b>verifyFutureErrMsgTest</b><br>Test class: testcases.AutomobilePageVehicleDataTest</td>
<td></td>
<td>0</td>
<td>testcases.AutomobilePageVehicleDataTest@62379589</td></tr>
<tr>
<td title='testcases.AutomobilePageVehicleDataTest.verifyListFTTest()'><b>verifyListFTTest</b><br>Test class: testcases.AutomobilePageVehicleDataTest<br>Parameters: Petrol</td>
<td></td>
<td>0</td>
<td>testcases.AutomobilePageVehicleDataTest@62379589</td></tr>
<tr>
<td title='testcases.AutomobilePageVehicleDataTest.verifyListMakeTest()'><b>verifyListMakeTest</b><br>Test class: testcases.AutomobilePageVehicleDataTest<br>Parameters: BMW</td>
<td></td>
<td>0</td>
<td>testcases.AutomobilePageVehicleDataTest@62379589</td></tr>
<tr>
<td title='testcases.AutomobilePageVehicleDataTest.spaceErrMsgLPTest()'><b>spaceErrMsgLPTest</b><br>Test class: testcases.AutomobilePageVehicleDataTest</td>
<td></td>
<td>0</td>
<td>testcases.AutomobilePageVehicleDataTest@62379589</td></tr>
<tr>
<td title='testcases.AutomobilePageVehicleDataTest.verifyListMakeTest()'><b>verifyListMakeTest</b><br>Test class: testcases.AutomobilePageVehicleDataTest<br>Parameters: Ford</td>
<td></td>
<td>0</td>
<td>testcases.AutomobilePageVehicleDataTest@62379589</td></tr>
<tr>
<td title='testcases.AutomobilePageVehicleDataTest.verifyTrueLicPNTest()'><b>verifyTrueLicPNTest</b><br>Test class: testcases.AutomobilePageVehicleDataTest</td>
<td></td>
<td>0</td>
<td>testcases.AutomobilePageVehicleDataTest@62379589</td></tr>
<tr>
<td title='testcases.AutomobilePageVehicleDataTest.spaceErrMsgAMTest()'><b>spaceErrMsgAMTest</b><br>Test class: testcases.AutomobilePageVehicleDataTest</td>
<td></td>
<td>0</td>
<td>testcases.AutomobilePageVehicleDataTest@62379589</td></tr>
<tr>
<td title='testcases.AutomobilePageVehicleDataTest.verifyListNoSTest()'><b>verifyListNoSTest</b><br>Test class: testcases.AutomobilePageVehicleDataTest<br>Parameters: 5</td>
<td></td>
<td>0</td>
<td>testcases.AutomobilePageVehicleDataTest@62379589</td></tr>
<tr>
<td title='testcases.AutomobilePageVehicleDataTest.verifyListMakeTest()'><b>verifyListMakeTest</b><br>Test class: testcases.AutomobilePageVehicleDataTest<br>Parameters: Porsche</td>
<td></td>
<td>0</td>
<td>testcases.AutomobilePageVehicleDataTest@62379589</td></tr>
<tr>
<td title='testcases.AutomobilePageVehicleDataTest.verifyDropdownFTTest()'><b>verifyDropdownFTTest</b><br>Test class: testcases.AutomobilePageVehicleDataTest</td>
<td></td>
<td>0</td>
<td>testcases.AutomobilePageVehicleDataTest@62379589</td></tr>
<tr>
<td title='testcases.AutomobilePageVehicleDataTest.lowErrMsgAMTest()'><b>lowErrMsgAMTest</b><br>Test class: testcases.AutomobilePageVehicleDataTest</td>
<td></td>
<td>0</td>
<td>testcases.AutomobilePageVehicleDataTest@62379589</td></tr>
<tr>
<td title='testcases.AutomobilePageVehicleDataTest.alphaErrMsgAMTest()'><b>alphaErrMsgAMTest</b><br>Test class: testcases.AutomobilePageVehicleDataTest</td>
<td></td>
<td>0</td>
<td>testcases.AutomobilePageVehicleDataTest@62379589</td></tr>
<tr>
<td title='testcases.AutomobilePageVehicleDataTest.trueValueEPTest()'><b>trueValueEPTest</b><br>Test class: testcases.AutomobilePageVehicleDataTest</td>
<td></td>
<td>0</td>
<td>testcases.AutomobilePageVehicleDataTest@62379589</td></tr>
<tr>
<td title='testcases.AutomobilePageVehicleDataTest.verifyManSignMakeTest()'><b>verifyManSignMakeTest</b><br>Test class: testcases.AutomobilePageVehicleDataTest</td>
<td></td>
<td>0</td>
<td>testcases.AutomobilePageVehicleDataTest@62379589</td></tr>
<tr>
<td title='testcases.AutomobilePageVehicleDataTest.verifyListMakeTest()'><b>verifyListMakeTest</b><br>Test class: testcases.AutomobilePageVehicleDataTest<br>Parameters: Opel</td>
<td></td>
<td>0</td>
<td>testcases.AutomobilePageVehicleDataTest@62379589</td></tr>
<tr>
<td title='testcases.AutomobilePageVehicleDataTest.verifyListFTTest()'><b>verifyListFTTest</b><br>Test class: testcases.AutomobilePageVehicleDataTest<br>Parameters: Other</td>
<td></td>
<td>0</td>
<td>testcases.AutomobilePageVehicleDataTest@62379589</td></tr>
<tr>
<td title='testcases.AutomobilePageVehicleDataTest.speErrMsgAMTest()'><b>speErrMsgAMTest</b><br>Test class: testcases.AutomobilePageVehicleDataTest</td>
<td></td>
<td>0</td>
<td>testcases.AutomobilePageVehicleDataTest@62379589</td></tr>
<tr>
<td title='testcases.AutomobilePageVehicleDataTest.verifyListMakeTest()'><b>verifyListMakeTest</b><br>Test class: testcases.AutomobilePageVehicleDataTest<br>Parameters: Honda</td>
<td></td>
<td>0</td>
<td>testcases.AutomobilePageVehicleDataTest@62379589</td></tr>
<tr>
<td title='testcases.AutomobilePageVehicleDataTest.verifyListNoSTest()'><b>verifyListNoSTest</b><br>Test class: testcases.AutomobilePageVehicleDataTest<br>Parameters: 1</td>
<td></td>
<td>0</td>
<td>testcases.AutomobilePageVehicleDataTest@62379589</td></tr>
<tr>
<td title='testcases.AutomobilePageVehicleDataTest.speErrMsgEPTest()'><b>speErrMsgEPTest</b><br>Test class: testcases.AutomobilePageVehicleDataTest</td>
<td></td>
<td>0</td>
<td>testcases.AutomobilePageVehicleDataTest@62379589</td></tr>
<tr>
<td title='testcases.AutomobilePageVehicleDataTest.verifyListMakeTest()'><b>verifyListMakeTest</b><br>Test class: testcases.AutomobilePageVehicleDataTest<br>Parameters: Mazda</td>
<td></td>
<td>0</td>
<td>testcases.AutomobilePageVehicleDataTest@62379589</td></tr>
<tr>
<td title='testcases.AutomobilePageVehicleDataTest.verifyManSignNoSTest()'><b>verifyManSignNoSTest</b><br>Test class: testcases.AutomobilePageVehicleDataTest</td>
<td></td>
<td>0</td>
<td>testcases.AutomobilePageVehicleDataTest@62379589</td></tr>
<tr>
<td title='testcases.AutomobilePageVehicleDataTest.lowErrMsgEPTest()'><b>lowErrMsgEPTest</b><br>Test class: testcases.AutomobilePageVehicleDataTest</td>
<td></td>
<td>0</td>
<td>testcases.AutomobilePageVehicleDataTest@62379589</td></tr>
<tr>
<td title='testcases.AutomobilePageVehicleDataTest.verifyManMsgLPTest()'><b>verifyManMsgLPTest</b><br>Test class: testcases.AutomobilePageVehicleDataTest</td>
<td></td>
<td>0</td>
<td>testcases.AutomobilePageVehicleDataTest@62379589</td></tr>
<tr>
<td title='testcases.AutomobilePageVehicleDataTest.verifyListNoSTest()'><b>verifyListNoSTest</b><br>Test class: testcases.AutomobilePageVehicleDataTest<br>Parameters: 3</td>
<td></td>
<td>0</td>
<td>testcases.AutomobilePageVehicleDataTest@62379589</td></tr>
<tr>
<td title='testcases.AutomobilePageVehicleDataTest.verifyDropdownMakeTest()'><b>verifyDropdownMakeTest</b><br>Test class: testcases.AutomobilePageVehicleDataTest</td>
<td></td>
<td>0</td>
<td>testcases.AutomobilePageVehicleDataTest@62379589</td></tr>
<tr>
<td title='testcases.AutomobilePageVehicleDataTest.highErrMsgAMTest()'><b>highErrMsgAMTest</b><br>Test class: testcases.AutomobilePageVehicleDataTest</td>
<td></td>
<td>0</td>
<td>testcases.AutomobilePageVehicleDataTest@62379589</td></tr>
<tr>
<td title='testcases.AutomobilePageVehicleDataTest.verifyManMsgEPTest()'><b>verifyManMsgEPTest</b><br>Test class: testcases.AutomobilePageVehicleDataTest</td>
<td></td>
<td>0</td>
<td>testcases.AutomobilePageVehicleDataTest@62379589</td></tr>
<tr>
<td title='testcases.AutomobilePageVehicleDataTest.verifyListMakeTest()'><b>verifyListMakeTest</b><br>Test class: testcases.AutomobilePageVehicleDataTest<br>Parameters: Nissan</td>
<td></td>
<td>0</td>
<td>testcases.AutomobilePageVehicleDataTest@62379589</td></tr>
<tr>
<td title='testcases.AutomobilePageVehicleDataTest.verifyDatePickerTest()'><b>verifyDatePickerTest</b><br>Test class: testcases.AutomobilePageVehicleDataTest</td>
<td></td>
<td>0</td>
<td>testcases.AutomobilePageVehicleDataTest@62379589</td></tr>
<tr>
<td title='testcases.AutomobilePageVehicleDataTest.verifyTrueDateTest()'><b>verifyTrueDateTest</b><br>Test class: testcases.AutomobilePageVehicleDataTest</td>
<td></td>
<td>0</td>
<td>testcases.AutomobilePageVehicleDataTest@62379589</td></tr>
<tr>
<td title='testcases.AutomobilePageVehicleDataTest.verifyManMsgMakeTest()'><b>verifyManMsgMakeTest</b><br>Test class: testcases.AutomobilePageVehicleDataTest</td>
<td></td>
<td>0</td>
<td>testcases.AutomobilePageVehicleDataTest@62379589</td></tr>
<tr>
<td title='testcases.AutomobilePageVehicleDataTest.verifyDropdownNoSTest()'><b>verifyDropdownNoSTest</b><br>Test class: testcases.AutomobilePageVehicleDataTest</td>
<td></td>
<td>0</td>
<td>testcases.AutomobilePageVehicleDataTest@62379589</td></tr>
<tr>
<td title='testcases.AutomobilePageVehicleDataTest.verifyManSignFTTest()'><b>verifyManSignFTTest</b><br>Test class: testcases.AutomobilePageVehicleDataTest</td>
<td></td>
<td>0</td>
<td>testcases.AutomobilePageVehicleDataTest@62379589</td></tr>
<tr>
<td title='testcases.AutomobilePageVehicleDataTest.verifyListFTTest()'><b>verifyListFTTest</b><br>Test class: testcases.AutomobilePageVehicleDataTest<br>Parameters: Diesel</td>
<td></td>
<td>0</td>
<td>testcases.AutomobilePageVehicleDataTest@62379589</td></tr>
<tr>
<td title='testcases.AutomobilePageVehicleDataTest.verifyListFTTest()'><b>verifyListFTTest</b><br>Test class: testcases.AutomobilePageVehicleDataTest<br>Parameters: Gas</td>
<td></td>
<td>0</td>
<td>testcases.AutomobilePageVehicleDataTest@62379589</td></tr>
<tr>
<td title='testcases.AutomobilePageVehicleDataTest.highErrMsgLPTest()'><b>highErrMsgLPTest</b><br>Test class: testcases.AutomobilePageVehicleDataTest</td>
<td></td>
<td>0</td>
<td>testcases.AutomobilePageVehicleDataTest@62379589</td></tr>
<tr>
<td title='testcases.AutomobilePageVehicleDataTest.speErrMsgLPTest()'><b>speErrMsgLPTest</b><br>Test class: testcases.AutomobilePageVehicleDataTest</td>
<td></td>
<td>0</td>
<td>testcases.AutomobilePageVehicleDataTest@62379589</td></tr>
<tr>
<td title='testcases.AutomobilePageVehicleDataTest.verifyManMsgFTTest()'><b>verifyManMsgFTTest</b><br>Test class: testcases.AutomobilePageVehicleDataTest</td>
<td></td>
<td>0</td>
<td>testcases.AutomobilePageVehicleDataTest@62379589</td></tr>
<tr>
<td title='testcases.AutomobilePageVehicleDataTest.verifyListFTTest()'><b>verifyListFTTest</b><br>Test class: testcases.AutomobilePageVehicleDataTest<br>Parameters: Electric Power</td>
<td></td>
<td>0</td>
<td>testcases.AutomobilePageVehicleDataTest@62379589</td></tr>
<tr>
<td title='testcases.AutomobilePageVehicleDataTest.verifyListNoSTest()'><b>verifyListNoSTest</b><br>Test class: testcases.AutomobilePageVehicleDataTest<br>Parameters: 6</td>
<td></td>
<td>0</td>
<td>testcases.AutomobilePageVehicleDataTest@62379589</td></tr>
<tr>
<td title='testcases.AutomobilePageVehicleDataTest.verifyListMakeTest()'><b>verifyListMakeTest</b><br>Test class: testcases.AutomobilePageVehicleDataTest<br>Parameters: Suzuki</td>
<td></td>
<td>0</td>
<td>testcases.AutomobilePageVehicleDataTest@62379589</td></tr>
<tr>
<td title='testcases.AutomobilePageVehicleDataTest.verifyManMsgNoSTest()'><b>verifyManMsgNoSTest</b><br>Test class: testcases.AutomobilePageVehicleDataTest</td>
<td></td>
<td>0</td>
<td>testcases.AutomobilePageVehicleDataTest@62379589</td></tr>
<tr>
<td title='testcases.AutomobilePageVehicleDataTest.lowErrMsgLPTest()'><b>lowErrMsgLPTest</b><br>Test class: testcases.AutomobilePageVehicleDataTest</td>
<td></td>
<td>0</td>
<td>testcases.AutomobilePageVehicleDataTest@62379589</td></tr>
<tr>
<td title='testcases.AutomobilePageVehicleDataTest.verifyListMakeTest()'><b>verifyListMakeTest</b><br>Test class: testcases.AutomobilePageVehicleDataTest<br>Parameters: Audi</td>
<td></td>
<td>0</td>
<td>testcases.AutomobilePageVehicleDataTest@62379589</td></tr>
<tr>
<td title='testcases.AutomobilePageVehicleDataTest.alphaErrMsgLPTest()'><b>alphaErrMsgLPTest</b><br>Test class: testcases.AutomobilePageVehicleDataTest</td>
<td></td>
<td>0</td>
<td>testcases.AutomobilePageVehicleDataTest@62379589</td></tr>
<tr>
<td title='testcases.AutomobilePageVehicleDataTest.verifyManMsgAMTest()'><b>verifyManMsgAMTest</b><br>Test class: testcases.AutomobilePageVehicleDataTest</td>
<td></td>
<td>0</td>
<td>testcases.AutomobilePageVehicleDataTest@62379589</td></tr>
<tr>
<td title='testcases.AutomobilePageVehicleDataTest.verifyListMakeTest()'><b>verifyListMakeTest</b><br>Test class: testcases.AutomobilePageVehicleDataTest<br>Parameters: Mercedes Benz</td>
<td></td>
<td>0</td>
<td>testcases.AutomobilePageVehicleDataTest@62379589</td></tr>
<tr>
<td title='testcases.AutomobilePageVehicleDataTest.verifyListNoSTest()'><b>verifyListNoSTest</b><br>Test class: testcases.AutomobilePageVehicleDataTest<br>Parameters: 9</td>
<td></td>
<td>0</td>
<td>testcases.AutomobilePageVehicleDataTest@62379589</td></tr>
<tr>
<td title='testcases.AutomobilePageVehicleDataTest.trueValueLPTest()'><b>trueValueLPTest</b><br>Test class: testcases.AutomobilePageVehicleDataTest</td>
<td></td>
<td>0</td>
<td>testcases.AutomobilePageVehicleDataTest@62379589</td></tr>
<tr>
<td title='testcases.AutomobilePageVehicleDataTest.verifyNextButtonTest()'><b>verifyNextButtonTest</b><br>Test class: testcases.AutomobilePageVehicleDataTest</td>
<td></td>
<td>0</td>
<td>testcases.AutomobilePageVehicleDataTest@62379589</td></tr>
<tr>
<td title='testcases.AutomobilePageVehicleDataTest.verifyListMakeTest()'><b>verifyListMakeTest</b><br>Test class: testcases.AutomobilePageVehicleDataTest<br>Parameters: Volvo</td>
<td></td>
<td>0</td>
<td>testcases.AutomobilePageVehicleDataTest@62379589</td></tr>
<tr>
<td title='testcases.AutomobilePageVehicleDataTest.verifyAutomobileLinkTest()'><b>verifyAutomobileLinkTest</b><br>Test class: testcases.AutomobilePageVehicleDataTest</td>
<td></td>
<td>1</td>
<td>testcases.AutomobilePageVehicleDataTest@62379589</td></tr>
<tr>
<td title='testcases.AutomobilePageVehicleDataTest.verifyListMakeTest()'><b>verifyListMakeTest</b><br>Test class: testcases.AutomobilePageVehicleDataTest<br>Parameters: Toyota</td>
<td></td>
<td>0</td>
<td>testcases.AutomobilePageVehicleDataTest@62379589</td></tr>
<tr>
<td title='testcases.AutomobilePageVehicleDataTest.verifyInvalidErrMsgTest()'><b>verifyInvalidErrMsgTest</b><br>Test class: testcases.AutomobilePageVehicleDataTest</td>
<td></td>
<td>0</td>
<td>testcases.AutomobilePageVehicleDataTest@62379589</td></tr>
<tr>
<td title='testcases.AutomobilePageVehicleDataTest.verifyListNoSTest()'><b>verifyListNoSTest</b><br>Test class: testcases.AutomobilePageVehicleDataTest<br>Parameters: 4</td>
<td></td>
<td>0</td>
<td>testcases.AutomobilePageVehicleDataTest@62379589</td></tr>
<tr>
<td title='testcases.AutomobilePageVehicleDataTest.alphaErrMsgEPTest()'><b>alphaErrMsgEPTest</b><br>Test class: testcases.AutomobilePageVehicleDataTest</td>
<td></td>
<td>0</td>
<td>testcases.AutomobilePageVehicleDataTest@62379589</td></tr>
<tr>
<td title='testcases.AutomobilePageVehicleDataTest.verifyManSignAMTest()'><b>verifyManSignAMTest</b><br>Test class: testcases.AutomobilePageVehicleDataTest</td>
<td></td>
<td>0</td>
<td>testcases.AutomobilePageVehicleDataTest@62379589</td></tr>
</table><p>
</body>
</html>