<?xml version="1.0" encoding="UTF-8"?>
<!-- Generated by org.testng.reporters.JUnitXMLReporter -->
<testsuite ignored="0" hostname="Salik" failures="1" tests="19" name="Tricentis App Test Cases" time="18.76" errors="0" timestamp="2024-02-07T15:01:34 IST">
  <testcase classname="testcases.AutomobilePageVehicleDataTest" name="automobileLinkTest" time="1.211"/>
  <testcase classname="testcases.AutomobilePageVehicleDataTest" name="mandatorySignForMakeTest" time="0.063"/>
  <testcase classname="testcases.AutomobilePageVehicleDataTest" name="verifyMandatoryTextForMakeTest" time="0.361">
    <failure type="java.lang.AssertionError" message="expected [Select an option] but found []">
      <![CDATA[java.lang.AssertionError: expected [Select an option] but found []
at testcases.AutomobilePageVehicleDataTest.verifyMandatoryTextForMakeTest(AutomobilePageVehicleDataTest.java:36)
at java.base/java.util.ArrayList.forEach(ArrayList.java:1511)
... Removed 33 stack frames]]>
    </failure>
  </testcase> <!-- verifyMandatoryTextForMakeTest -->
  <testcase classname="testcases.AutomobilePageVehicleDataTest" name="verifyMakeDropdownTest" time="0.233"/>
  <testcase classname="testcases.AutomobilePageVehicleDataTest" name="verifyMakeListTest" time="0.463"/>
  <testcase classname="testcases.AutomobilePageVehicleDataTest" name="verifyMakeListTest" time="0.496"/>
  <testcase classname="testcases.AutomobilePageVehicleDataTest" name="verifyMakeListTest" time="0.449"/>
  <testcase classname="testcases.AutomobilePageVehicleDataTest" name="verifyMakeListTest" time="0.5"/>
  <testcase classname="testcases.AutomobilePageVehicleDataTest" name="verifyMakeListTest" time="0.557"/>
  <testcase classname="testcases.AutomobilePageVehicleDataTest" name="verifyMakeListTest" time="0.613"/>
  <testcase classname="testcases.AutomobilePageVehicleDataTest" name="verifyMakeListTest" time="0.535"/>
  <testcase classname="testcases.AutomobilePageVehicleDataTest" name="verifyMakeListTest" time="0.596"/>
  <testcase classname="testcases.AutomobilePageVehicleDataTest" name="verifyMakeListTest" time="0.637"/>
  <testcase classname="testcases.AutomobilePageVehicleDataTest" name="verifyMakeListTest" time="0.628"/>
  <testcase classname="testcases.AutomobilePageVehicleDataTest" name="verifyMakeListTest" time="0.56"/>
  <testcase classname="testcases.AutomobilePageVehicleDataTest" name="verifyMakeListTest" time="0.524"/>
  <testcase classname="testcases.AutomobilePageVehicleDataTest" name="verifyMakeListTest" time="0.529"/>
  <testcase classname="testcases.AutomobilePageVehicleDataTest" name="verifyMakeListTest" time="0.595"/>
  <testcase classname="testcases.AutomobilePageVehicleDataTest" name="verifyMakeListTest" time="0.58"/>
</testsuite> <!-- Tricentis App Test Cases -->
