<?xml version="1.0" encoding="UTF-8"?>
<testng-results ignored="0" total="80" passed="73" failed="7" skipped="0">
  <reporter-output>
  </reporter-output>
  <suite started-at="2024-02-09T16:04:39 IST" name="Tricentis Application Automation Test Suite" finished-at="2024-02-09T16:05:22 IST" duration-ms="43010">
    <groups>
      <group name="License_Plate_Textbox">
        <method signature="AutomobilePageVehicleDataTest.verifyErrMsgLicPNTest()[pri:41, instance:testcases.AutomobilePageVehicleDataTest@62379589]" name="verifyErrMsgLicPNTest" class="testcases.AutomobilePageVehicleDataTest"/>
        <method signature="AutomobilePageVehicleDataTest.verifyTrueLicPNTest()[pri:42, instance:testcases.AutomobilePageVehicleDataTest@62379589]" name="verifyTrueLicPNTest" class="testcases.AutomobilePageVehicleDataTest"/>
      </group> <!-- License_Plate_Textbox -->
      <group name="Fuel_Type_Dropdown">
        <method signature="AutomobilePageVehicleDataTest.verifyDropdownFTTest()[pri:31, instance:testcases.AutomobilePageVehicleDataTest@62379589]" name="verifyDropdownFTTest" class="testcases.AutomobilePageVehicleDataTest"/>
        <method signature="AutomobilePageVehicleDataTest.verifyHovErrMsgFTTest()[pri:28, instance:testcases.AutomobilePageVehicleDataTest@62379589]" name="verifyHovErrMsgFTTest" class="testcases.AutomobilePageVehicleDataTest"/>
        <method signature="AutomobilePageVehicleDataTest.verifyListFTTest(java.lang.String)[pri:30, instance:testcases.AutomobilePageVehicleDataTest@62379589]" name="verifyListFTTest" class="testcases.AutomobilePageVehicleDataTest"/>
        <method signature="AutomobilePageVehicleDataTest.verifyManMsgFTTest()[pri:29, instance:testcases.AutomobilePageVehicleDataTest@62379589]" name="verifyManMsgFTTest" class="testcases.AutomobilePageVehicleDataTest"/>
        <method signature="AutomobilePageVehicleDataTest.verifyManSignFTTest()[pri:27, instance:testcases.AutomobilePageVehicleDataTest@62379589]" name="verifyManSignFTTest" class="testcases.AutomobilePageVehicleDataTest"/>
      </group> <!-- Fuel_Type_Dropdown -->
      <group name="Automobile_Link">
        <method signature="AutomobilePageVehicleDataTest.verifyAutomobileLinkTest()[pri:0, instance:testcases.AutomobilePageVehicleDataTest@62379589]" name="verifyAutomobileLinkTest" class="testcases.AutomobilePageVehicleDataTest"/>
      </group> <!-- Automobile_Link -->
      <group name="List_Price_Textbox">
        <method signature="AutomobilePageVehicleDataTest.alphaErrMsgLPTest()[pri:35, instance:testcases.AutomobilePageVehicleDataTest@62379589]" name="alphaErrMsgLPTest" class="testcases.AutomobilePageVehicleDataTest"/>
        <method signature="AutomobilePageVehicleDataTest.highErrMsgLPTest()[pri:39, instance:testcases.AutomobilePageVehicleDataTest@62379589]" name="highErrMsgLPTest" class="testcases.AutomobilePageVehicleDataTest"/>
        <method signature="AutomobilePageVehicleDataTest.lowErrMsgLPTest()[pri:38, instance:testcases.AutomobilePageVehicleDataTest@62379589]" name="lowErrMsgLPTest" class="testcases.AutomobilePageVehicleDataTest"/>
        <method signature="AutomobilePageVehicleDataTest.spaceErrMsgLPTest()[pri:37, instance:testcases.AutomobilePageVehicleDataTest@62379589]" name="spaceErrMsgLPTest" class="testcases.AutomobilePageVehicleDataTest"/>
        <method signature="AutomobilePageVehicleDataTest.speErrMsgLPTest()[pri:36, instance:testcases.AutomobilePageVehicleDataTest@62379589]" name="speErrMsgLPTest" class="testcases.AutomobilePageVehicleDataTest"/>
        <method signature="AutomobilePageVehicleDataTest.trueValueLPTest()[pri:40, instance:testcases.AutomobilePageVehicleDataTest@62379589]" name="trueValueLPTest" class="testcases.AutomobilePageVehicleDataTest"/>
        <method signature="AutomobilePageVehicleDataTest.verifyHovErrMsgLPTest()[pri:33, instance:testcases.AutomobilePageVehicleDataTest@62379589]" name="verifyHovErrMsgLPTest" class="testcases.AutomobilePageVehicleDataTest"/>
        <method signature="AutomobilePageVehicleDataTest.verifyManMsgLPTest()[pri:34, instance:testcases.AutomobilePageVehicleDataTest@62379589]" name="verifyManMsgLPTest" class="testcases.AutomobilePageVehicleDataTest"/>
        <method signature="AutomobilePageVehicleDataTest.verifyManSignLPTest()[pri:32, instance:testcases.AutomobilePageVehicleDataTest@62379589]" name="verifyManSignLPTest" class="testcases.AutomobilePageVehicleDataTest"/>
      </group> <!-- List_Price_Textbox -->
      <group name="Next_Button">
        <method signature="AutomobilePageVehicleDataTest.verifyNextButtonTest()[pri:52, instance:testcases.AutomobilePageVehicleDataTest@62379589]" name="verifyNextButtonTest" class="testcases.AutomobilePageVehicleDataTest"/>
      </group> <!-- Next_Button -->
      <group name="Make_Dropdown">
        <method signature="AutomobilePageVehicleDataTest.verifyDropdownMakeTest()[pri:3, instance:testcases.AutomobilePageVehicleDataTest@62379589]" name="verifyDropdownMakeTest" class="testcases.AutomobilePageVehicleDataTest"/>
        <method signature="AutomobilePageVehicleDataTest.verifyHovErrMsgMakeTest()[pri:2, instance:testcases.AutomobilePageVehicleDataTest@62379589]" name="verifyHovErrMsgMakeTest" class="testcases.AutomobilePageVehicleDataTest"/>
        <method signature="AutomobilePageVehicleDataTest.verifyListMakeTest(java.lang.String)[pri:5, instance:testcases.AutomobilePageVehicleDataTest@62379589]" name="verifyListMakeTest" class="testcases.AutomobilePageVehicleDataTest"/>
        <method signature="AutomobilePageVehicleDataTest.verifyManMsgMakeTest()[pri:4, instance:testcases.AutomobilePageVehicleDataTest@62379589]" name="verifyManMsgMakeTest" class="testcases.AutomobilePageVehicleDataTest"/>
        <method signature="AutomobilePageVehicleDataTest.verifyManSignMakeTest()[pri:1, instance:testcases.AutomobilePageVehicleDataTest@62379589]" name="verifyManSignMakeTest" class="testcases.AutomobilePageVehicleDataTest"/>
      </group> <!-- Make_Dropdown -->
      <group name="Engine_Performance_Textbox">
        <method signature="AutomobilePageVehicleDataTest.alphaErrMsgEPTest()[pri:9, instance:testcases.AutomobilePageVehicleDataTest@62379589]" name="alphaErrMsgEPTest" class="testcases.AutomobilePageVehicleDataTest"/>
        <method signature="AutomobilePageVehicleDataTest.highErrMsgEPTest()[pri:13, instance:testcases.AutomobilePageVehicleDataTest@62379589]" name="highErrMsgEPTest" class="testcases.AutomobilePageVehicleDataTest"/>
        <method signature="AutomobilePageVehicleDataTest.lowErrMsgEPTest()[pri:12, instance:testcases.AutomobilePageVehicleDataTest@62379589]" name="lowErrMsgEPTest" class="testcases.AutomobilePageVehicleDataTest"/>
        <method signature="AutomobilePageVehicleDataTest.spaceErrMsgEPTest()[pri:11, instance:testcases.AutomobilePageVehicleDataTest@62379589]" name="spaceErrMsgEPTest" class="testcases.AutomobilePageVehicleDataTest"/>
        <method signature="AutomobilePageVehicleDataTest.speErrMsgEPTest()[pri:10, instance:testcases.AutomobilePageVehicleDataTest@62379589]" name="speErrMsgEPTest" class="testcases.AutomobilePageVehicleDataTest"/>
        <method signature="AutomobilePageVehicleDataTest.trueValueEPTest()[pri:14, instance:testcases.AutomobilePageVehicleDataTest@62379589]" name="trueValueEPTest" class="testcases.AutomobilePageVehicleDataTest"/>
        <method signature="AutomobilePageVehicleDataTest.verifyHovErrMsgEPTest()[pri:7, instance:testcases.AutomobilePageVehicleDataTest@62379589]" name="verifyHovErrMsgEPTest" class="testcases.AutomobilePageVehicleDataTest"/>
        <method signature="AutomobilePageVehicleDataTest.verifyManMsgEPTest()[pri:8, instance:testcases.AutomobilePageVehicleDataTest@62379589]" name="verifyManMsgEPTest" class="testcases.AutomobilePageVehicleDataTest"/>
        <method signature="AutomobilePageVehicleDataTest.verifyManSignEPTest()[pri:6, instance:testcases.AutomobilePageVehicleDataTest@62379589]" name="verifyManSignEPTest" class="testcases.AutomobilePageVehicleDataTest"/>
      </group> <!-- Engine_Performance_Textbox -->
      <group name="Number_of_Seats_Dropdown">
        <method signature="AutomobilePageVehicleDataTest.verifyDropdownNoSTest()[pri:26, instance:testcases.AutomobilePageVehicleDataTest@62379589]" name="verifyDropdownNoSTest" class="testcases.AutomobilePageVehicleDataTest"/>
        <method signature="AutomobilePageVehicleDataTest.verifyHovErrMsgNoSTest()[pri:23, instance:testcases.AutomobilePageVehicleDataTest@62379589]" name="verifyHovErrMsgNoSTest" class="testcases.AutomobilePageVehicleDataTest"/>
        <method signature="AutomobilePageVehicleDataTest.verifyListNoSTest(java.lang.String)[pri:25, instance:testcases.AutomobilePageVehicleDataTest@62379589]" name="verifyListNoSTest" class="testcases.AutomobilePageVehicleDataTest"/>
        <method signature="AutomobilePageVehicleDataTest.verifyManMsgNoSTest()[pri:24, instance:testcases.AutomobilePageVehicleDataTest@62379589]" name="verifyManMsgNoSTest" class="testcases.AutomobilePageVehicleDataTest"/>
        <method signature="AutomobilePageVehicleDataTest.verifyManSignNoSTest()[pri:22, instance:testcases.AutomobilePageVehicleDataTest@62379589]" name="verifyManSignNoSTest" class="testcases.AutomobilePageVehicleDataTest"/>
      </group> <!-- Number_of_Seats_Dropdown -->
      <group name="Annual_Mileage_Textbox">
        <method signature="AutomobilePageVehicleDataTest.alphaErrMsgAMTest()[pri:46, instance:testcases.AutomobilePageVehicleDataTest@62379589]" name="alphaErrMsgAMTest" class="testcases.AutomobilePageVehicleDataTest"/>
        <method signature="AutomobilePageVehicleDataTest.highErrMsgAMTest()[pri:50, instance:testcases.AutomobilePageVehicleDataTest@62379589]" name="highErrMsgAMTest" class="testcases.AutomobilePageVehicleDataTest"/>
        <method signature="AutomobilePageVehicleDataTest.lowErrMsgAMTest()[pri:49, instance:testcases.AutomobilePageVehicleDataTest@62379589]" name="lowErrMsgAMTest" class="testcases.AutomobilePageVehicleDataTest"/>
        <method signature="AutomobilePageVehicleDataTest.spaceErrMsgAMTest()[pri:48, instance:testcases.AutomobilePageVehicleDataTest@62379589]" name="spaceErrMsgAMTest" class="testcases.AutomobilePageVehicleDataTest"/>
        <method signature="AutomobilePageVehicleDataTest.speErrMsgAMTest()[pri:47, instance:testcases.AutomobilePageVehicleDataTest@62379589]" name="speErrMsgAMTest" class="testcases.AutomobilePageVehicleDataTest"/>
        <method signature="AutomobilePageVehicleDataTest.trueValueAMTest()[pri:51, instance:testcases.AutomobilePageVehicleDataTest@62379589]" name="trueValueAMTest" class="testcases.AutomobilePageVehicleDataTest"/>
        <method signature="AutomobilePageVehicleDataTest.verifyHovErrMsgAMTest()[pri:44, instance:testcases.AutomobilePageVehicleDataTest@62379589]" name="verifyHovErrMsgAMTest" class="testcases.AutomobilePageVehicleDataTest"/>
        <method signature="AutomobilePageVehicleDataTest.verifyManMsgAMTest()[pri:45, instance:testcases.AutomobilePageVehicleDataTest@62379589]" name="verifyManMsgAMTest" class="testcases.AutomobilePageVehicleDataTest"/>
        <method signature="AutomobilePageVehicleDataTest.verifyManSignAMTest()[pri:43, instance:testcases.AutomobilePageVehicleDataTest@62379589]" name="verifyManSignAMTest" class="testcases.AutomobilePageVehicleDataTest"/>
      </group> <!-- Annual_Mileage_Textbox -->
      <group name="Date_Of_Manufacture_Field">
        <method signature="AutomobilePageVehicleDataTest.verifyCurMonthTest()[pri:17, instance:testcases.AutomobilePageVehicleDataTest@62379589]" name="verifyCurMonthTest" class="testcases.AutomobilePageVehicleDataTest"/>
        <method signature="AutomobilePageVehicleDataTest.verifyDatePickerTest()[pri:16, instance:testcases.AutomobilePageVehicleDataTest@62379589]" name="verifyDatePickerTest" class="testcases.AutomobilePageVehicleDataTest"/>
        <method signature="AutomobilePageVehicleDataTest.verifyFutureErrMsgTest()[pri:19, instance:testcases.AutomobilePageVehicleDataTest@62379589]" name="verifyFutureErrMsgTest" class="testcases.AutomobilePageVehicleDataTest"/>
        <method signature="AutomobilePageVehicleDataTest.verifyFwdPrevButtonTest()[pri:18, instance:testcases.AutomobilePageVehicleDataTest@62379589]" name="verifyFwdPrevButtonTest" class="testcases.AutomobilePageVehicleDataTest"/>
        <method signature="AutomobilePageVehicleDataTest.verifyHovErrMsgDoMTest()[pri:15, instance:testcases.AutomobilePageVehicleDataTest@62379589]" name="verifyHovErrMsgDoMTest" class="testcases.AutomobilePageVehicleDataTest"/>
        <method signature="AutomobilePageVehicleDataTest.verifyInvalidErrMsgTest()[pri:20, instance:testcases.AutomobilePageVehicleDataTest@62379589]" name="verifyInvalidErrMsgTest" class="testcases.AutomobilePageVehicleDataTest"/>
        <method signature="AutomobilePageVehicleDataTest.verifyTrueDateTest()[pri:21, instance:testcases.AutomobilePageVehicleDataTest@62379589]" name="verifyTrueDateTest" class="testcases.AutomobilePageVehicleDataTest"/>
      </group> <!-- Date_Of_Manufacture_Field -->
    </groups>
    <test started-at="2024-02-09T16:04:39 IST" name="Automobile Page Test Cases" finished-at="2024-02-09T16:05:17 IST" duration-ms="38080">
      <class name="testcases.AutomobilePageVehicleDataTest">
        <test-method is-config="true" signature="setUp()[pri:0, instance:testcases.AutomobilePageVehicleDataTest@62379589]" started-at="2024-02-09T16:04:39 IST" name="setUp" finished-at="2024-02-09T16:04:44 IST" duration-ms="5243" status="PASS">
          <reporter-output>
          </reporter-output>
        </test-method> <!-- setUp -->
        <test-method is-config="true" signature="pageClassInitialization()[pri:0, instance:testcases.AutomobilePageVehicleDataTest@62379589]" started-at="2024-02-09T16:04:45 IST" name="pageClassInitialization" finished-at="2024-02-09T16:04:45 IST" duration-ms="196" status="PASS">
          <reporter-output>
          </reporter-output>
        </test-method> <!-- pageClassInitialization -->
        <test-method signature="verifyAutomobileLinkTest()[pri:0, instance:testcases.AutomobilePageVehicleDataTest@62379589]" started-at="2024-02-09T16:04:45 IST" name="verifyAutomobileLinkTest" finished-at="2024-02-09T16:04:46 IST" duration-ms="1076" status="PASS">
          <reporter-output>
          </reporter-output>
        </test-method> <!-- verifyAutomobileLinkTest -->
        <test-method is-config="true" signature="pageClassInitialization()[pri:0, instance:testcases.AutomobilePageVehicleDataTest@62379589]" started-at="2024-02-09T16:04:46 IST" name="pageClassInitialization" finished-at="2024-02-09T16:04:46 IST" duration-ms="76" status="PASS">
          <reporter-output>
          </reporter-output>
        </test-method> <!-- pageClassInitialization -->
        <test-method signature="verifyManSignMakeTest()[pri:1, instance:testcases.AutomobilePageVehicleDataTest@62379589]" started-at="2024-02-09T16:04:46 IST" name="verifyManSignMakeTest" finished-at="2024-02-09T16:04:46 IST" duration-ms="59" status="PASS">
          <reporter-output>
          </reporter-output>
        </test-method> <!-- verifyManSignMakeTest -->
        <test-method is-config="true" signature="pageClassInitialization()[pri:0, instance:testcases.AutomobilePageVehicleDataTest@62379589]" started-at="2024-02-09T16:04:46 IST" name="pageClassInitialization" finished-at="2024-02-09T16:04:46 IST" duration-ms="68" status="PASS">
          <reporter-output>
          </reporter-output>
        </test-method> <!-- pageClassInitialization -->
        <test-method signature="verifyHovErrMsgMakeTest()[pri:2, instance:testcases.AutomobilePageVehicleDataTest@62379589]" started-at="2024-02-09T16:04:46 IST" name="verifyHovErrMsgMakeTest" finished-at="2024-02-09T16:04:46 IST" duration-ms="265" status="FAIL">
          <exception class="java.lang.AssertionError">
            <message>
              <![CDATA[expected [Select an option] but found []]]>
            </message>
            <full-stacktrace>
              <![CDATA[java.lang.AssertionError: expected [Select an option] but found []
at org.testng.Assert.fail(Assert.java:99)
at org.testng.Assert.failNotEquals(Assert.java:1037)
at org.testng.Assert.assertEqualsImpl(Assert.java:140)
at org.testng.Assert.assertEquals(Assert.java:122)
at org.testng.Assert.assertEquals(Assert.java:629)
at org.testng.Assert.assertEquals(Assert.java:639)
at testcases.AutomobilePageVehicleDataTest.verifyHovErrMsgMakeTest(AutomobilePageVehicleDataTest.java:37)
at java.base/jdk.internal.reflect.NativeMethodAccessorImpl.invoke0(Native Method)
at java.base/jdk.internal.reflect.NativeMethodAccessorImpl.invoke(NativeMethodAccessorImpl.java:77)
at java.base/jdk.internal.reflect.DelegatingMethodAccessorImpl.invoke(DelegatingMethodAccessorImpl.java:43)
at java.base/java.lang.reflect.Method.invoke(Method.java:568)
at org.testng.internal.MethodInvocationHelper.invokeMethod(MethodInvocationHelper.java:133)
at org.testng.internal.TestInvoker.invokeMethod(TestInvoker.java:598)
at org.testng.internal.TestInvoker.invokeTestMethod(TestInvoker.java:173)
at org.testng.internal.MethodRunner.runInSequence(MethodRunner.java:46)
at org.testng.internal.TestInvoker$MethodInvocationAgent.invoke(TestInvoker.java:824)
at org.testng.internal.TestInvoker.invokeTestMethods(TestInvoker.java:146)
at org.testng.internal.TestMethodWorker.invokeTestMethods(TestMethodWorker.java:146)
at org.testng.internal.TestMethodWorker.run(TestMethodWorker.java:128)
at java.base/java.util.ArrayList.forEach(ArrayList.java:1511)
at org.testng.TestRunner.privateRun(TestRunner.java:794)
at org.testng.TestRunner.run(TestRunner.java:596)
at org.testng.SuiteRunner.runTest(SuiteRunner.java:377)
at org.testng.SuiteRunner.runSequentially(SuiteRunner.java:371)
at org.testng.SuiteRunner.privateRun(SuiteRunner.java:332)
at org.testng.SuiteRunner.run(SuiteRunner.java:276)
at org.testng.SuiteRunnerWorker.runSuite(SuiteRunnerWorker.java:53)
at org.testng.SuiteRunnerWorker.run(SuiteRunnerWorker.java:96)
at org.testng.TestNG.runSuitesSequentially(TestNG.java:1212)
at org.testng.TestNG.runSuitesLocally(TestNG.java:1134)
at org.testng.TestNG.runSuites(TestNG.java:1063)
at org.testng.TestNG.run(TestNG.java:1031)
at org.testng.remote.AbstractRemoteTestNG.run(AbstractRemoteTestNG.java:115)
at org.testng.remote.RemoteTestNG.initAndRun(RemoteTestNG.java:251)
at org.testng.remote.RemoteTestNG.main(RemoteTestNG.java:77)
]]>
            </full-stacktrace>
          </exception> <!-- java.lang.AssertionError -->
          <reporter-output>
          </reporter-output>
        </test-method> <!-- verifyHovErrMsgMakeTest -->
        <test-method is-config="true" signature="pageClassInitialization()[pri:0, instance:testcases.AutomobilePageVehicleDataTest@62379589]" started-at="2024-02-09T16:04:46 IST" name="pageClassInitialization" finished-at="2024-02-09T16:04:47 IST" duration-ms="64" status="PASS">
          <reporter-output>
          </reporter-output>
        </test-method> <!-- pageClassInitialization -->
        <test-method signature="verifyDropdownMakeTest()[pri:3, instance:testcases.AutomobilePageVehicleDataTest@62379589]" started-at="2024-02-09T16:04:47 IST" name="verifyDropdownMakeTest" finished-at="2024-02-09T16:04:47 IST" duration-ms="168" status="PASS">
          <reporter-output>
          </reporter-output>
        </test-method> <!-- verifyDropdownMakeTest -->
        <test-method is-config="true" signature="pageClassInitialization()[pri:0, instance:testcases.AutomobilePageVehicleDataTest@62379589]" started-at="2024-02-09T16:04:47 IST" name="pageClassInitialization" finished-at="2024-02-09T16:04:47 IST" duration-ms="83" status="PASS">
          <reporter-output>
          </reporter-output>
        </test-method> <!-- pageClassInitialization -->
        <test-method signature="verifyManMsgMakeTest()[pri:4, instance:testcases.AutomobilePageVehicleDataTest@62379589]" started-at="2024-02-09T16:04:47 IST" name="verifyManMsgMakeTest" finished-at="2024-02-09T16:04:47 IST" duration-ms="312" status="PASS">
          <reporter-output>
          </reporter-output>
        </test-method> <!-- verifyManMsgMakeTest -->
        <test-method is-config="true" signature="pageClassInitialization()[pri:0, instance:testcases.AutomobilePageVehicleDataTest@62379589]" started-at="2024-02-09T16:04:49 IST" name="pageClassInitialization" finished-at="2024-02-09T16:04:49 IST" duration-ms="100" status="PASS">
          <reporter-output>
          </reporter-output>
        </test-method> <!-- pageClassInitialization -->
        <test-method signature="verifyListMakeTest(java.lang.String)[pri:5, instance:testcases.AutomobilePageVehicleDataTest@62379589]" started-at="2024-02-09T16:04:49 IST" name="verifyListMakeTest" data-provider="getMakeData" finished-at="2024-02-09T16:04:49 IST" duration-ms="461" status="PASS">
          <params>
            <param index="0">
              <value>
                <![CDATA[Audi]]>
              </value>
            </param>
          </params>
          <reporter-output>
          </reporter-output>
        </test-method> <!-- verifyListMakeTest -->
        <test-method is-config="true" signature="pageClassInitialization()[pri:0, instance:testcases.AutomobilePageVehicleDataTest@62379589]" started-at="2024-02-09T16:04:49 IST" name="pageClassInitialization" finished-at="2024-02-09T16:04:49 IST" duration-ms="86" status="PASS">
          <reporter-output>
          </reporter-output>
        </test-method> <!-- pageClassInitialization -->
        <test-method signature="verifyListMakeTest(java.lang.String)[pri:5, instance:testcases.AutomobilePageVehicleDataTest@62379589]" started-at="2024-02-09T16:04:49 IST" name="verifyListMakeTest" data-provider="getMakeData" finished-at="2024-02-09T16:04:50 IST" duration-ms="447" status="PASS">
          <params>
            <param index="0">
              <value>
                <![CDATA[BMW]]>
              </value>
            </param>
          </params>
          <reporter-output>
          </reporter-output>
        </test-method> <!-- verifyListMakeTest -->
        <test-method is-config="true" signature="pageClassInitialization()[pri:0, instance:testcases.AutomobilePageVehicleDataTest@62379589]" started-at="2024-02-09T16:04:50 IST" name="pageClassInitialization" finished-at="2024-02-09T16:04:50 IST" duration-ms="95" status="PASS">
          <reporter-output>
          </reporter-output>
        </test-method> <!-- pageClassInitialization -->
        <test-method signature="verifyListMakeTest(java.lang.String)[pri:5, instance:testcases.AutomobilePageVehicleDataTest@62379589]" started-at="2024-02-09T16:04:50 IST" name="verifyListMakeTest" data-provider="getMakeData" finished-at="2024-02-09T16:04:50 IST" duration-ms="450" status="PASS">
          <params>
            <param index="0">
              <value>
                <![CDATA[Ford]]>
              </value>
            </param>
          </params>
          <reporter-output>
          </reporter-output>
        </test-method> <!-- verifyListMakeTest -->
        <test-method is-config="true" signature="pageClassInitialization()[pri:0, instance:testcases.AutomobilePageVehicleDataTest@62379589]" started-at="2024-02-09T16:04:50 IST" name="pageClassInitialization" finished-at="2024-02-09T16:04:50 IST" duration-ms="82" status="PASS">
          <reporter-output>
          </reporter-output>
        </test-method> <!-- pageClassInitialization -->
        <test-method signature="verifyListMakeTest(java.lang.String)[pri:5, instance:testcases.AutomobilePageVehicleDataTest@62379589]" started-at="2024-02-09T16:04:50 IST" name="verifyListMakeTest" data-provider="getMakeData" finished-at="2024-02-09T16:04:51 IST" duration-ms="385" status="PASS">
          <params>
            <param index="0">
              <value>
                <![CDATA[Honda]]>
              </value>
            </param>
          </params>
          <reporter-output>
          </reporter-output>
        </test-method> <!-- verifyListMakeTest -->
        <test-method is-config="true" signature="pageClassInitialization()[pri:0, instance:testcases.AutomobilePageVehicleDataTest@62379589]" started-at="2024-02-09T16:04:51 IST" name="pageClassInitialization" finished-at="2024-02-09T16:04:51 IST" duration-ms="75" status="PASS">
          <reporter-output>
          </reporter-output>
        </test-method> <!-- pageClassInitialization -->
        <test-method signature="verifyListMakeTest(java.lang.String)[pri:5, instance:testcases.AutomobilePageVehicleDataTest@62379589]" started-at="2024-02-09T16:04:51 IST" name="verifyListMakeTest" data-provider="getMakeData" finished-at="2024-02-09T16:04:51 IST" duration-ms="390" status="PASS">
          <params>
            <param index="0">
              <value>
                <![CDATA[Mazda]]>
              </value>
            </param>
          </params>
          <reporter-output>
          </reporter-output>
        </test-method> <!-- verifyListMakeTest -->
        <test-method is-config="true" signature="pageClassInitialization()[pri:0, instance:testcases.AutomobilePageVehicleDataTest@62379589]" started-at="2024-02-09T16:04:51 IST" name="pageClassInitialization" finished-at="2024-02-09T16:04:51 IST" duration-ms="74" status="PASS">
          <reporter-output>
          </reporter-output>
        </test-method> <!-- pageClassInitialization -->
        <test-method signature="verifyListMakeTest(java.lang.String)[pri:5, instance:testcases.AutomobilePageVehicleDataTest@62379589]" started-at="2024-02-09T16:04:51 IST" name="verifyListMakeTest" data-provider="getMakeData" finished-at="2024-02-09T16:04:52 IST" duration-ms="392" status="PASS">
          <params>
            <param index="0">
              <value>
                <![CDATA[Mercedes Benz]]>
              </value>
            </param>
          </params>
          <reporter-output>
          </reporter-output>
        </test-method> <!-- verifyListMakeTest -->
        <test-method is-config="true" signature="pageClassInitialization()[pri:0, instance:testcases.AutomobilePageVehicleDataTest@62379589]" started-at="2024-02-09T16:04:52 IST" name="pageClassInitialization" finished-at="2024-02-09T16:04:52 IST" duration-ms="79" status="PASS">
          <reporter-output>
          </reporter-output>
        </test-method> <!-- pageClassInitialization -->
        <test-method signature="verifyListMakeTest(java.lang.String)[pri:5, instance:testcases.AutomobilePageVehicleDataTest@62379589]" started-at="2024-02-09T16:04:52 IST" name="verifyListMakeTest" data-provider="getMakeData" finished-at="2024-02-09T16:04:52 IST" duration-ms="411" status="PASS">
          <params>
            <param index="0">
              <value>
                <![CDATA[Nissan]]>
              </value>
            </param>
          </params>
          <reporter-output>
          </reporter-output>
        </test-method> <!-- verifyListMakeTest -->
        <test-method is-config="true" signature="pageClassInitialization()[pri:0, instance:testcases.AutomobilePageVehicleDataTest@62379589]" started-at="2024-02-09T16:04:52 IST" name="pageClassInitialization" finished-at="2024-02-09T16:04:52 IST" duration-ms="80" status="PASS">
          <reporter-output>
          </reporter-output>
        </test-method> <!-- pageClassInitialization -->
        <test-method signature="verifyListMakeTest(java.lang.String)[pri:5, instance:testcases.AutomobilePageVehicleDataTest@62379589]" started-at="2024-02-09T16:04:52 IST" name="verifyListMakeTest" data-provider="getMakeData" finished-at="2024-02-09T16:04:53 IST" duration-ms="410" status="PASS">
          <params>
            <param index="0">
              <value>
                <![CDATA[Opel]]>
              </value>
            </param>
          </params>
          <reporter-output>
          </reporter-output>
        </test-method> <!-- verifyListMakeTest -->
        <test-method is-config="true" signature="pageClassInitialization()[pri:0, instance:testcases.AutomobilePageVehicleDataTest@62379589]" started-at="2024-02-09T16:04:53 IST" name="pageClassInitialization" finished-at="2024-02-09T16:04:53 IST" duration-ms="78" status="PASS">
          <reporter-output>
          </reporter-output>
        </test-method> <!-- pageClassInitialization -->
        <test-method signature="verifyListMakeTest(java.lang.String)[pri:5, instance:testcases.AutomobilePageVehicleDataTest@62379589]" started-at="2024-02-09T16:04:53 IST" name="verifyListMakeTest" data-provider="getMakeData" finished-at="2024-02-09T16:04:53 IST" duration-ms="501" status="PASS">
          <params>
            <param index="0">
              <value>
                <![CDATA[Porsche]]>
              </value>
            </param>
          </params>
          <reporter-output>
          </reporter-output>
        </test-method> <!-- verifyListMakeTest -->
        <test-method is-config="true" signature="pageClassInitialization()[pri:0, instance:testcases.AutomobilePageVehicleDataTest@62379589]" started-at="2024-02-09T16:04:53 IST" name="pageClassInitialization" finished-at="2024-02-09T16:04:53 IST" duration-ms="97" status="PASS">
          <reporter-output>
          </reporter-output>
        </test-method> <!-- pageClassInitialization -->
        <test-method signature="verifyListMakeTest(java.lang.String)[pri:5, instance:testcases.AutomobilePageVehicleDataTest@62379589]" started-at="2024-02-09T16:04:53 IST" name="verifyListMakeTest" data-provider="getMakeData" finished-at="2024-02-09T16:04:54 IST" duration-ms="554" status="PASS">
          <params>
            <param index="0">
              <value>
                <![CDATA[Renault]]>
              </value>
            </param>
          </params>
          <reporter-output>
          </reporter-output>
        </test-method> <!-- verifyListMakeTest -->
        <test-method is-config="true" signature="pageClassInitialization()[pri:0, instance:testcases.AutomobilePageVehicleDataTest@62379589]" started-at="2024-02-09T16:04:54 IST" name="pageClassInitialization" finished-at="2024-02-09T16:04:54 IST" duration-ms="88" status="PASS">
          <reporter-output>
          </reporter-output>
        </test-method> <!-- pageClassInitialization -->
        <test-method signature="verifyListMakeTest(java.lang.String)[pri:5, instance:testcases.AutomobilePageVehicleDataTest@62379589]" started-at="2024-02-09T16:04:54 IST" name="verifyListMakeTest" data-provider="getMakeData" finished-at="2024-02-09T16:04:54 IST" duration-ms="509" status="PASS">
          <params>
            <param index="0">
              <value>
                <![CDATA[Skoda]]>
              </value>
            </param>
          </params>
          <reporter-output>
          </reporter-output>
        </test-method> <!-- verifyListMakeTest -->
        <test-method is-config="true" signature="pageClassInitialization()[pri:0, instance:testcases.AutomobilePageVehicleDataTest@62379589]" started-at="2024-02-09T16:04:54 IST" name="pageClassInitialization" finished-at="2024-02-09T16:04:54 IST" duration-ms="82" status="PASS">
          <reporter-output>
          </reporter-output>
        </test-method> <!-- pageClassInitialization -->
        <test-method signature="verifyListMakeTest(java.lang.String)[pri:5, instance:testcases.AutomobilePageVehicleDataTest@62379589]" started-at="2024-02-09T16:04:54 IST" name="verifyListMakeTest" data-provider="getMakeData" finished-at="2024-02-09T16:04:55 IST" duration-ms="514" status="PASS">
          <params>
            <param index="0">
              <value>
                <![CDATA[Suzuki]]>
              </value>
            </param>
          </params>
          <reporter-output>
          </reporter-output>
        </test-method> <!-- verifyListMakeTest -->
        <test-method is-config="true" signature="pageClassInitialization()[pri:0, instance:testcases.AutomobilePageVehicleDataTest@62379589]" started-at="2024-02-09T16:04:55 IST" name="pageClassInitialization" finished-at="2024-02-09T16:04:55 IST" duration-ms="83" status="PASS">
          <reporter-output>
          </reporter-output>
        </test-method> <!-- pageClassInitialization -->
        <test-method signature="verifyListMakeTest(java.lang.String)[pri:5, instance:testcases.AutomobilePageVehicleDataTest@62379589]" started-at="2024-02-09T16:04:55 IST" name="verifyListMakeTest" data-provider="getMakeData" finished-at="2024-02-09T16:04:56 IST" duration-ms="540" status="PASS">
          <params>
            <param index="0">
              <value>
                <![CDATA[Toyota]]>
              </value>
            </param>
          </params>
          <reporter-output>
          </reporter-output>
        </test-method> <!-- verifyListMakeTest -->
        <test-method is-config="true" signature="pageClassInitialization()[pri:0, instance:testcases.AutomobilePageVehicleDataTest@62379589]" started-at="2024-02-09T16:04:56 IST" name="pageClassInitialization" finished-at="2024-02-09T16:04:56 IST" duration-ms="85" status="PASS">
          <reporter-output>
          </reporter-output>
        </test-method> <!-- pageClassInitialization -->
        <test-method signature="verifyListMakeTest(java.lang.String)[pri:5, instance:testcases.AutomobilePageVehicleDataTest@62379589]" started-at="2024-02-09T16:04:56 IST" name="verifyListMakeTest" data-provider="getMakeData" finished-at="2024-02-09T16:04:56 IST" duration-ms="563" status="PASS">
          <params>
            <param index="0">
              <value>
                <![CDATA[Volkswagen]]>
              </value>
            </param>
          </params>
          <reporter-output>
          </reporter-output>
        </test-method> <!-- verifyListMakeTest -->
        <test-method is-config="true" signature="pageClassInitialization()[pri:0, instance:testcases.AutomobilePageVehicleDataTest@62379589]" started-at="2024-02-09T16:04:56 IST" name="pageClassInitialization" finished-at="2024-02-09T16:04:56 IST" duration-ms="87" status="PASS">
          <reporter-output>
          </reporter-output>
        </test-method> <!-- pageClassInitialization -->
        <test-method signature="verifyListMakeTest(java.lang.String)[pri:5, instance:testcases.AutomobilePageVehicleDataTest@62379589]" started-at="2024-02-09T16:04:56 IST" name="verifyListMakeTest" data-provider="getMakeData" finished-at="2024-02-09T16:04:57 IST" duration-ms="605" status="PASS">
          <params>
            <param index="0">
              <value>
                <![CDATA[Volvo]]>
              </value>
            </param>
          </params>
          <reporter-output>
          </reporter-output>
        </test-method> <!-- verifyListMakeTest -->
        <test-method is-config="true" signature="pageClassInitialization()[pri:0, instance:testcases.AutomobilePageVehicleDataTest@62379589]" started-at="2024-02-09T16:04:57 IST" name="pageClassInitialization" finished-at="2024-02-09T16:04:57 IST" duration-ms="113" status="PASS">
          <reporter-output>
          </reporter-output>
        </test-method> <!-- pageClassInitialization -->
        <test-method signature="verifyManSignEPTest()[pri:6, instance:testcases.AutomobilePageVehicleDataTest@62379589]" started-at="2024-02-09T16:04:57 IST" name="verifyManSignEPTest" finished-at="2024-02-09T16:04:57 IST" duration-ms="43" status="PASS">
          <reporter-output>
          </reporter-output>
        </test-method> <!-- verifyManSignEPTest -->
        <test-method is-config="true" signature="pageClassInitialization()[pri:0, instance:testcases.AutomobilePageVehicleDataTest@62379589]" started-at="2024-02-09T16:04:57 IST" name="pageClassInitialization" finished-at="2024-02-09T16:04:57 IST" duration-ms="78" status="PASS">
          <reporter-output>
          </reporter-output>
        </test-method> <!-- pageClassInitialization -->
        <test-method signature="verifyHovErrMsgEPTest()[pri:7, instance:testcases.AutomobilePageVehicleDataTest@62379589]" started-at="2024-02-09T16:04:57 IST" name="verifyHovErrMsgEPTest" finished-at="2024-02-09T16:04:57 IST" duration-ms="186" status="FAIL">
          <exception class="java.lang.AssertionError">
            <message>
              <![CDATA[expected [This field is mandatory] but found []]]>
            </message>
            <full-stacktrace>
              <![CDATA[java.lang.AssertionError: expected [This field is mandatory] but found []
at org.testng.Assert.fail(Assert.java:99)
at org.testng.Assert.failNotEquals(Assert.java:1037)
at org.testng.Assert.assertEqualsImpl(Assert.java:140)
at org.testng.Assert.assertEquals(Assert.java:122)
at org.testng.Assert.assertEquals(Assert.java:629)
at org.testng.Assert.assertEquals(Assert.java:639)
at testcases.AutomobilePageVehicleDataTest.verifyHovErrMsgEPTest(AutomobilePageVehicleDataTest.java:73)
at java.base/jdk.internal.reflect.NativeMethodAccessorImpl.invoke0(Native Method)
at java.base/jdk.internal.reflect.NativeMethodAccessorImpl.invoke(NativeMethodAccessorImpl.java:77)
at java.base/jdk.internal.reflect.DelegatingMethodAccessorImpl.invoke(DelegatingMethodAccessorImpl.java:43)
at java.base/java.lang.reflect.Method.invoke(Method.java:568)
at org.testng.internal.MethodInvocationHelper.invokeMethod(MethodInvocationHelper.java:133)
at org.testng.internal.TestInvoker.invokeMethod(TestInvoker.java:598)
at org.testng.internal.TestInvoker.invokeTestMethod(TestInvoker.java:173)
at org.testng.internal.MethodRunner.runInSequence(MethodRunner.java:46)
at org.testng.internal.TestInvoker$MethodInvocationAgent.invoke(TestInvoker.java:824)
at org.testng.internal.TestInvoker.invokeTestMethods(TestInvoker.java:146)
at org.testng.internal.TestMethodWorker.invokeTestMethods(TestMethodWorker.java:146)
at org.testng.internal.TestMethodWorker.run(TestMethodWorker.java:128)
at java.base/java.util.ArrayList.forEach(ArrayList.java:1511)
at org.testng.TestRunner.privateRun(TestRunner.java:794)
at org.testng.TestRunner.run(TestRunner.java:596)
at org.testng.SuiteRunner.runTest(SuiteRunner.java:377)
at org.testng.SuiteRunner.runSequentially(SuiteRunner.java:371)
at org.testng.SuiteRunner.privateRun(SuiteRunner.java:332)
at org.testng.SuiteRunner.run(SuiteRunner.java:276)
at org.testng.SuiteRunnerWorker.runSuite(SuiteRunnerWorker.java:53)
at org.testng.SuiteRunnerWorker.run(SuiteRunnerWorker.java:96)
at org.testng.TestNG.runSuitesSequentially(TestNG.java:1212)
at org.testng.TestNG.runSuitesLocally(TestNG.java:1134)
at org.testng.TestNG.runSuites(TestNG.java:1063)
at org.testng.TestNG.run(TestNG.java:1031)
at org.testng.remote.AbstractRemoteTestNG.run(AbstractRemoteTestNG.java:115)
at org.testng.remote.RemoteTestNG.initAndRun(RemoteTestNG.java:251)
at org.testng.remote.RemoteTestNG.main(RemoteTestNG.java:77)
]]>
            </full-stacktrace>
          </exception> <!-- java.lang.AssertionError -->
          <reporter-output>
          </reporter-output>
        </test-method> <!-- verifyHovErrMsgEPTest -->
        <test-method is-config="true" signature="pageClassInitialization()[pri:0, instance:testcases.AutomobilePageVehicleDataTest@62379589]" started-at="2024-02-09T16:04:58 IST" name="pageClassInitialization" finished-at="2024-02-09T16:04:58 IST" duration-ms="76" status="PASS">
          <reporter-output>
          </reporter-output>
        </test-method> <!-- pageClassInitialization -->
        <test-method signature="verifyManMsgEPTest()[pri:8, instance:testcases.AutomobilePageVehicleDataTest@62379589]" started-at="2024-02-09T16:04:58 IST" name="verifyManMsgEPTest" finished-at="2024-02-09T16:04:58 IST" duration-ms="241" status="PASS">
          <reporter-output>
          </reporter-output>
        </test-method> <!-- verifyManMsgEPTest -->
        <test-method is-config="true" signature="pageClassInitialization()[pri:0, instance:testcases.AutomobilePageVehicleDataTest@62379589]" started-at="2024-02-09T16:04:58 IST" name="pageClassInitialization" finished-at="2024-02-09T16:04:58 IST" duration-ms="90" status="PASS">
          <reporter-output>
          </reporter-output>
        </test-method> <!-- pageClassInitialization -->
        <test-method signature="alphaErrMsgEPTest()[pri:9, instance:testcases.AutomobilePageVehicleDataTest@62379589]" started-at="2024-02-09T16:04:58 IST" name="alphaErrMsgEPTest" finished-at="2024-02-09T16:04:58 IST" duration-ms="277" status="PASS">
          <reporter-output>
          </reporter-output>
        </test-method> <!-- alphaErrMsgEPTest -->
        <test-method is-config="true" signature="pageClassInitialization()[pri:0, instance:testcases.AutomobilePageVehicleDataTest@62379589]" started-at="2024-02-09T16:04:58 IST" name="pageClassInitialization" finished-at="2024-02-09T16:04:58 IST" duration-ms="84" status="PASS">
          <reporter-output>
          </reporter-output>
        </test-method> <!-- pageClassInitialization -->
        <test-method signature="speErrMsgEPTest()[pri:10, instance:testcases.AutomobilePageVehicleDataTest@62379589]" started-at="2024-02-09T16:04:58 IST" name="speErrMsgEPTest" finished-at="2024-02-09T16:04:59 IST" duration-ms="272" status="PASS">
          <reporter-output>
          </reporter-output>
        </test-method> <!-- speErrMsgEPTest -->
        <test-method is-config="true" signature="pageClassInitialization()[pri:0, instance:testcases.AutomobilePageVehicleDataTest@62379589]" started-at="2024-02-09T16:04:59 IST" name="pageClassInitialization" finished-at="2024-02-09T16:04:59 IST" duration-ms="78" status="PASS">
          <reporter-output>
          </reporter-output>
        </test-method> <!-- pageClassInitialization -->
        <test-method signature="spaceErrMsgEPTest()[pri:11, instance:testcases.AutomobilePageVehicleDataTest@62379589]" started-at="2024-02-09T16:04:59 IST" name="spaceErrMsgEPTest" finished-at="2024-02-09T16:04:59 IST" duration-ms="222" status="PASS">
          <reporter-output>
          </reporter-output>
        </test-method> <!-- spaceErrMsgEPTest -->
        <test-method is-config="true" signature="pageClassInitialization()[pri:0, instance:testcases.AutomobilePageVehicleDataTest@62379589]" started-at="2024-02-09T16:04:59 IST" name="pageClassInitialization" finished-at="2024-02-09T16:04:59 IST" duration-ms="69" status="PASS">
          <reporter-output>
          </reporter-output>
        </test-method> <!-- pageClassInitialization -->
        <test-method signature="lowErrMsgEPTest()[pri:12, instance:testcases.AutomobilePageVehicleDataTest@62379589]" started-at="2024-02-09T16:04:59 IST" name="lowErrMsgEPTest" finished-at="2024-02-09T16:04:59 IST" duration-ms="220" status="PASS">
          <reporter-output>
          </reporter-output>
        </test-method> <!-- lowErrMsgEPTest -->
        <test-method is-config="true" signature="pageClassInitialization()[pri:0, instance:testcases.AutomobilePageVehicleDataTest@62379589]" started-at="2024-02-09T16:04:59 IST" name="pageClassInitialization" finished-at="2024-02-09T16:04:59 IST" duration-ms="62" status="PASS">
          <reporter-output>
          </reporter-output>
        </test-method> <!-- pageClassInitialization -->
        <test-method signature="highErrMsgEPTest()[pri:13, instance:testcases.AutomobilePageVehicleDataTest@62379589]" started-at="2024-02-09T16:04:59 IST" name="highErrMsgEPTest" finished-at="2024-02-09T16:05:00 IST" duration-ms="251" status="PASS">
          <reporter-output>
          </reporter-output>
        </test-method> <!-- highErrMsgEPTest -->
        <test-method is-config="true" signature="pageClassInitialization()[pri:0, instance:testcases.AutomobilePageVehicleDataTest@62379589]" started-at="2024-02-09T16:05:00 IST" name="pageClassInitialization" finished-at="2024-02-09T16:05:00 IST" duration-ms="72" status="PASS">
          <reporter-output>
          </reporter-output>
        </test-method> <!-- pageClassInitialization -->
        <test-method signature="trueValueEPTest()[pri:14, instance:testcases.AutomobilePageVehicleDataTest@62379589]" started-at="2024-02-09T16:05:00 IST" name="trueValueEPTest" finished-at="2024-02-09T16:05:00 IST" duration-ms="204" status="PASS">
          <reporter-output>
          </reporter-output>
        </test-method> <!-- trueValueEPTest -->
        <test-method is-config="true" signature="pageClassInitialization()[pri:0, instance:testcases.AutomobilePageVehicleDataTest@62379589]" started-at="2024-02-09T16:05:00 IST" name="pageClassInitialization" finished-at="2024-02-09T16:05:00 IST" duration-ms="78" status="PASS">
          <reporter-output>
          </reporter-output>
        </test-method> <!-- pageClassInitialization -->
        <test-method signature="verifyHovErrMsgDoMTest()[pri:15, instance:testcases.AutomobilePageVehicleDataTest@62379589]" started-at="2024-02-09T16:05:00 IST" name="verifyHovErrMsgDoMTest" finished-at="2024-02-09T16:05:00 IST" duration-ms="192" status="FAIL">
          <exception class="java.lang.AssertionError">
            <message>
              <![CDATA[expected [This field is mandatory] but found []]]>
            </message>
            <full-stacktrace>
              <![CDATA[java.lang.AssertionError: expected [This field is mandatory] but found []
at org.testng.Assert.fail(Assert.java:99)
at org.testng.Assert.failNotEquals(Assert.java:1037)
at org.testng.Assert.assertEqualsImpl(Assert.java:140)
at org.testng.Assert.assertEquals(Assert.java:122)
at org.testng.Assert.assertEquals(Assert.java:629)
at org.testng.Assert.assertEquals(Assert.java:639)
at testcases.AutomobilePageVehicleDataTest.verifyHovErrMsgDoMTest(AutomobilePageVehicleDataTest.java:121)
at java.base/jdk.internal.reflect.NativeMethodAccessorImpl.invoke0(Native Method)
at java.base/jdk.internal.reflect.NativeMethodAccessorImpl.invoke(NativeMethodAccessorImpl.java:77)
at java.base/jdk.internal.reflect.DelegatingMethodAccessorImpl.invoke(DelegatingMethodAccessorImpl.java:43)
at java.base/java.lang.reflect.Method.invoke(Method.java:568)
at org.testng.internal.MethodInvocationHelper.invokeMethod(MethodInvocationHelper.java:133)
at org.testng.internal.TestInvoker.invokeMethod(TestInvoker.java:598)
at org.testng.internal.TestInvoker.invokeTestMethod(TestInvoker.java:173)
at org.testng.internal.MethodRunner.runInSequence(MethodRunner.java:46)
at org.testng.internal.TestInvoker$MethodInvocationAgent.invoke(TestInvoker.java:824)
at org.testng.internal.TestInvoker.invokeTestMethods(TestInvoker.java:146)
at org.testng.internal.TestMethodWorker.invokeTestMethods(TestMethodWorker.java:146)
at org.testng.internal.TestMethodWorker.run(TestMethodWorker.java:128)
at java.base/java.util.ArrayList.forEach(ArrayList.java:1511)
at org.testng.TestRunner.privateRun(TestRunner.java:794)
at org.testng.TestRunner.run(TestRunner.java:596)
at org.testng.SuiteRunner.runTest(SuiteRunner.java:377)
at org.testng.SuiteRunner.runSequentially(SuiteRunner.java:371)
at org.testng.SuiteRunner.privateRun(SuiteRunner.java:332)
at org.testng.SuiteRunner.run(SuiteRunner.java:276)
at org.testng.SuiteRunnerWorker.runSuite(SuiteRunnerWorker.java:53)
at org.testng.SuiteRunnerWorker.run(SuiteRunnerWorker.java:96)
at org.testng.TestNG.runSuitesSequentially(TestNG.java:1212)
at org.testng.TestNG.runSuitesLocally(TestNG.java:1134)
at org.testng.TestNG.runSuites(TestNG.java:1063)
at org.testng.TestNG.run(TestNG.java:1031)
at org.testng.remote.AbstractRemoteTestNG.run(AbstractRemoteTestNG.java:115)
at org.testng.remote.RemoteTestNG.initAndRun(RemoteTestNG.java:251)
at org.testng.remote.RemoteTestNG.main(RemoteTestNG.java:77)
]]>
            </full-stacktrace>
          </exception> <!-- java.lang.AssertionError -->
          <reporter-output>
          </reporter-output>
        </test-method> <!-- verifyHovErrMsgDoMTest -->
        <test-method is-config="true" signature="pageClassInitialization()[pri:0, instance:testcases.AutomobilePageVehicleDataTest@62379589]" started-at="2024-02-09T16:05:00 IST" name="pageClassInitialization" finished-at="2024-02-09T16:05:00 IST" duration-ms="71" status="PASS">
          <reporter-output>
          </reporter-output>
        </test-method> <!-- pageClassInitialization -->
        <test-method signature="verifyDatePickerTest()[pri:16, instance:testcases.AutomobilePageVehicleDataTest@62379589]" started-at="2024-02-09T16:05:00 IST" name="verifyDatePickerTest" finished-at="2024-02-09T16:05:00 IST" duration-ms="39" status="PASS">
          <reporter-output>
          </reporter-output>
        </test-method> <!-- verifyDatePickerTest -->
        <test-method is-config="true" signature="pageClassInitialization()[pri:0, instance:testcases.AutomobilePageVehicleDataTest@62379589]" started-at="2024-02-09T16:05:00 IST" name="pageClassInitialization" finished-at="2024-02-09T16:05:00 IST" duration-ms="70" status="PASS">
          <reporter-output>
          </reporter-output>
        </test-method> <!-- pageClassInitialization -->
        <test-method signature="verifyCurMonthTest()[pri:17, instance:testcases.AutomobilePageVehicleDataTest@62379589]" started-at="2024-02-09T16:05:00 IST" name="verifyCurMonthTest" finished-at="2024-02-09T16:05:01 IST" duration-ms="146" status="PASS">
          <reporter-output>
          </reporter-output>
        </test-method> <!-- verifyCurMonthTest -->
        <test-method is-config="true" signature="pageClassInitialization()[pri:0, instance:testcases.AutomobilePageVehicleDataTest@62379589]" started-at="2024-02-09T16:05:01 IST" name="pageClassInitialization" finished-at="2024-02-09T16:05:01 IST" duration-ms="88" status="PASS">
          <reporter-output>
          </reporter-output>
        </test-method> <!-- pageClassInitialization -->
        <test-method signature="verifyFwdPrevButtonTest()[pri:18, instance:testcases.AutomobilePageVehicleDataTest@62379589]" started-at="2024-02-09T16:05:01 IST" name="verifyFwdPrevButtonTest" finished-at="2024-02-09T16:05:01 IST" duration-ms="579" status="PASS">
          <reporter-output>
          </reporter-output>
        </test-method> <!-- verifyFwdPrevButtonTest -->
        <test-method is-config="true" signature="pageClassInitialization()[pri:0, instance:testcases.AutomobilePageVehicleDataTest@62379589]" started-at="2024-02-09T16:05:01 IST" name="pageClassInitialization" finished-at="2024-02-09T16:05:01 IST" duration-ms="69" status="PASS">
          <reporter-output>
          </reporter-output>
        </test-method> <!-- pageClassInitialization -->
        <test-method signature="verifyFutureErrMsgTest()[pri:19, instance:testcases.AutomobilePageVehicleDataTest@62379589]" started-at="2024-02-09T16:05:01 IST" name="verifyFutureErrMsgTest" finished-at="2024-02-09T16:05:02 IST" duration-ms="424" status="PASS">
          <reporter-output>
          </reporter-output>
        </test-method> <!-- verifyFutureErrMsgTest -->
        <test-method is-config="true" signature="pageClassInitialization()[pri:0, instance:testcases.AutomobilePageVehicleDataTest@62379589]" started-at="2024-02-09T16:05:02 IST" name="pageClassInitialization" finished-at="2024-02-09T16:05:02 IST" duration-ms="74" status="PASS">
          <reporter-output>
          </reporter-output>
        </test-method> <!-- pageClassInitialization -->
        <test-method signature="verifyInvalidErrMsgTest()[pri:20, instance:testcases.AutomobilePageVehicleDataTest@62379589]" started-at="2024-02-09T16:05:02 IST" name="verifyInvalidErrMsgTest" finished-at="2024-02-09T16:05:02 IST" duration-ms="284" status="PASS">
          <reporter-output>
          </reporter-output>
        </test-method> <!-- verifyInvalidErrMsgTest -->
        <test-method is-config="true" signature="pageClassInitialization()[pri:0, instance:testcases.AutomobilePageVehicleDataTest@62379589]" started-at="2024-02-09T16:05:02 IST" name="pageClassInitialization" finished-at="2024-02-09T16:05:02 IST" duration-ms="67" status="PASS">
          <reporter-output>
          </reporter-output>
        </test-method> <!-- pageClassInitialization -->
        <test-method signature="verifyTrueDateTest()[pri:21, instance:testcases.AutomobilePageVehicleDataTest@62379589]" started-at="2024-02-09T16:05:02 IST" name="verifyTrueDateTest" finished-at="2024-02-09T16:05:02 IST" duration-ms="264" status="PASS">
          <reporter-output>
          </reporter-output>
        </test-method> <!-- verifyTrueDateTest -->
        <test-method is-config="true" signature="pageClassInitialization()[pri:0, instance:testcases.AutomobilePageVehicleDataTest@62379589]" started-at="2024-02-09T16:05:02 IST" name="pageClassInitialization" finished-at="2024-02-09T16:05:03 IST" duration-ms="67" status="PASS">
          <reporter-output>
          </reporter-output>
        </test-method> <!-- pageClassInitialization -->
        <test-method signature="verifyManSignNoSTest()[pri:22, instance:testcases.AutomobilePageVehicleDataTest@62379589]" started-at="2024-02-09T16:05:03 IST" name="verifyManSignNoSTest" finished-at="2024-02-09T16:05:03 IST" duration-ms="37" status="PASS">
          <reporter-output>
          </reporter-output>
        </test-method> <!-- verifyManSignNoSTest -->
        <test-method is-config="true" signature="pageClassInitialization()[pri:0, instance:testcases.AutomobilePageVehicleDataTest@62379589]" started-at="2024-02-09T16:05:03 IST" name="pageClassInitialization" finished-at="2024-02-09T16:05:03 IST" duration-ms="67" status="PASS">
          <reporter-output>
          </reporter-output>
        </test-method> <!-- pageClassInitialization -->
        <test-method signature="verifyHovErrMsgNoSTest()[pri:23, instance:testcases.AutomobilePageVehicleDataTest@62379589]" started-at="2024-02-09T16:05:03 IST" name="verifyHovErrMsgNoSTest" finished-at="2024-02-09T16:05:03 IST" duration-ms="173" status="FAIL">
          <exception class="java.lang.AssertionError">
            <message>
              <![CDATA[expected [Select an option] but found []]]>
            </message>
            <full-stacktrace>
              <![CDATA[java.lang.AssertionError: expected [Select an option] but found []
at org.testng.Assert.fail(Assert.java:99)
at org.testng.Assert.failNotEquals(Assert.java:1037)
at org.testng.Assert.assertEqualsImpl(Assert.java:140)
at org.testng.Assert.assertEquals(Assert.java:122)
at org.testng.Assert.assertEquals(Assert.java:629)
at org.testng.Assert.assertEquals(Assert.java:639)
at testcases.AutomobilePageVehicleDataTest.verifyHovErrMsgNoSTest(AutomobilePageVehicleDataTest.java:169)
at java.base/jdk.internal.reflect.NativeMethodAccessorImpl.invoke0(Native Method)
at java.base/jdk.internal.reflect.NativeMethodAccessorImpl.invoke(NativeMethodAccessorImpl.java:77)
at java.base/jdk.internal.reflect.DelegatingMethodAccessorImpl.invoke(DelegatingMethodAccessorImpl.java:43)
at java.base/java.lang.reflect.Method.invoke(Method.java:568)
at org.testng.internal.MethodInvocationHelper.invokeMethod(MethodInvocationHelper.java:133)
at org.testng.internal.TestInvoker.invokeMethod(TestInvoker.java:598)
at org.testng.internal.TestInvoker.invokeTestMethod(TestInvoker.java:173)
at org.testng.internal.MethodRunner.runInSequence(MethodRunner.java:46)
at org.testng.internal.TestInvoker$MethodInvocationAgent.invoke(TestInvoker.java:824)
at org.testng.internal.TestInvoker.invokeTestMethods(TestInvoker.java:146)
at org.testng.internal.TestMethodWorker.invokeTestMethods(TestMethodWorker.java:146)
at org.testng.internal.TestMethodWorker.run(TestMethodWorker.java:128)
at java.base/java.util.ArrayList.forEach(ArrayList.java:1511)
at org.testng.TestRunner.privateRun(TestRunner.java:794)
at org.testng.TestRunner.run(TestRunner.java:596)
at org.testng.SuiteRunner.runTest(SuiteRunner.java:377)
at org.testng.SuiteRunner.runSequentially(SuiteRunner.java:371)
at org.testng.SuiteRunner.privateRun(SuiteRunner.java:332)
at org.testng.SuiteRunner.run(SuiteRunner.java:276)
at org.testng.SuiteRunnerWorker.runSuite(SuiteRunnerWorker.java:53)
at org.testng.SuiteRunnerWorker.run(SuiteRunnerWorker.java:96)
at org.testng.TestNG.runSuitesSequentially(TestNG.java:1212)
at org.testng.TestNG.runSuitesLocally(TestNG.java:1134)
at org.testng.TestNG.runSuites(TestNG.java:1063)
at org.testng.TestNG.run(TestNG.java:1031)
at org.testng.remote.AbstractRemoteTestNG.run(AbstractRemoteTestNG.java:115)
at org.testng.remote.RemoteTestNG.initAndRun(RemoteTestNG.java:251)
at org.testng.remote.RemoteTestNG.main(RemoteTestNG.java:77)
]]>
            </full-stacktrace>
          </exception> <!-- java.lang.AssertionError -->
          <reporter-output>
          </reporter-output>
        </test-method> <!-- verifyHovErrMsgNoSTest -->
        <test-method is-config="true" signature="pageClassInitialization()[pri:0, instance:testcases.AutomobilePageVehicleDataTest@62379589]" started-at="2024-02-09T16:05:03 IST" name="pageClassInitialization" finished-at="2024-02-09T16:05:03 IST" duration-ms="63" status="PASS">
          <reporter-output>
          </reporter-output>
        </test-method> <!-- pageClassInitialization -->
        <test-method signature="verifyManMsgNoSTest()[pri:24, instance:testcases.AutomobilePageVehicleDataTest@62379589]" started-at="2024-02-09T16:05:03 IST" name="verifyManMsgNoSTest" finished-at="2024-02-09T16:05:03 IST" duration-ms="255" status="PASS">
          <reporter-output>
          </reporter-output>
        </test-method> <!-- verifyManMsgNoSTest -->
        <test-method is-config="true" signature="pageClassInitialization()[pri:0, instance:testcases.AutomobilePageVehicleDataTest@62379589]" started-at="2024-02-09T16:05:03 IST" name="pageClassInitialization" finished-at="2024-02-09T16:05:03 IST" duration-ms="69" status="PASS">
          <reporter-output>
          </reporter-output>
        </test-method> <!-- pageClassInitialization -->
        <test-method signature="verifyListNoSTest(java.lang.String)[pri:25, instance:testcases.AutomobilePageVehicleDataTest@62379589]" started-at="2024-02-09T16:05:03 IST" name="verifyListNoSTest" data-provider="getNoSData" finished-at="2024-02-09T16:05:04 IST" duration-ms="327" status="PASS">
          <params>
            <param index="0">
              <value>
                <![CDATA[1]]>
              </value>
            </param>
          </params>
          <reporter-output>
          </reporter-output>
        </test-method> <!-- verifyListNoSTest -->
        <test-method is-config="true" signature="pageClassInitialization()[pri:0, instance:testcases.AutomobilePageVehicleDataTest@62379589]" started-at="2024-02-09T16:05:04 IST" name="pageClassInitialization" finished-at="2024-02-09T16:05:04 IST" duration-ms="70" status="PASS">
          <reporter-output>
          </reporter-output>
        </test-method> <!-- pageClassInitialization -->
        <test-method signature="verifyListNoSTest(java.lang.String)[pri:25, instance:testcases.AutomobilePageVehicleDataTest@62379589]" started-at="2024-02-09T16:05:04 IST" name="verifyListNoSTest" data-provider="getNoSData" finished-at="2024-02-09T16:05:04 IST" duration-ms="340" status="PASS">
          <params>
            <param index="0">
              <value>
                <![CDATA[2]]>
              </value>
            </param>
          </params>
          <reporter-output>
          </reporter-output>
        </test-method> <!-- verifyListNoSTest -->
        <test-method is-config="true" signature="pageClassInitialization()[pri:0, instance:testcases.AutomobilePageVehicleDataTest@62379589]" started-at="2024-02-09T16:05:04 IST" name="pageClassInitialization" finished-at="2024-02-09T16:05:04 IST" duration-ms="75" status="PASS">
          <reporter-output>
          </reporter-output>
        </test-method> <!-- pageClassInitialization -->
        <test-method signature="verifyListNoSTest(java.lang.String)[pri:25, instance:testcases.AutomobilePageVehicleDataTest@62379589]" started-at="2024-02-09T16:05:04 IST" name="verifyListNoSTest" data-provider="getNoSData" finished-at="2024-02-09T16:05:05 IST" duration-ms="330" status="PASS">
          <params>
            <param index="0">
              <value>
                <![CDATA[3]]>
              </value>
            </param>
          </params>
          <reporter-output>
          </reporter-output>
        </test-method> <!-- verifyListNoSTest -->
        <test-method is-config="true" signature="pageClassInitialization()[pri:0, instance:testcases.AutomobilePageVehicleDataTest@62379589]" started-at="2024-02-09T16:05:05 IST" name="pageClassInitialization" finished-at="2024-02-09T16:05:05 IST" duration-ms="71" status="PASS">
          <reporter-output>
          </reporter-output>
        </test-method> <!-- pageClassInitialization -->
        <test-method signature="verifyListNoSTest(java.lang.String)[pri:25, instance:testcases.AutomobilePageVehicleDataTest@62379589]" started-at="2024-02-09T16:05:05 IST" name="verifyListNoSTest" data-provider="getNoSData" finished-at="2024-02-09T16:05:05 IST" duration-ms="358" status="PASS">
          <params>
            <param index="0">
              <value>
                <![CDATA[4]]>
              </value>
            </param>
          </params>
          <reporter-output>
          </reporter-output>
        </test-method> <!-- verifyListNoSTest -->
        <test-method is-config="true" signature="pageClassInitialization()[pri:0, instance:testcases.AutomobilePageVehicleDataTest@62379589]" started-at="2024-02-09T16:05:05 IST" name="pageClassInitialization" finished-at="2024-02-09T16:05:05 IST" duration-ms="75" status="PASS">
          <reporter-output>
          </reporter-output>
        </test-method> <!-- pageClassInitialization -->
        <test-method signature="verifyListNoSTest(java.lang.String)[pri:25, instance:testcases.AutomobilePageVehicleDataTest@62379589]" started-at="2024-02-09T16:05:05 IST" name="verifyListNoSTest" data-provider="getNoSData" finished-at="2024-02-09T16:05:05 IST" duration-ms="365" status="PASS">
          <params>
            <param index="0">
              <value>
                <![CDATA[5]]>
              </value>
            </param>
          </params>
          <reporter-output>
          </reporter-output>
        </test-method> <!-- verifyListNoSTest -->
        <test-method is-config="true" signature="pageClassInitialization()[pri:0, instance:testcases.AutomobilePageVehicleDataTest@62379589]" started-at="2024-02-09T16:05:05 IST" name="pageClassInitialization" finished-at="2024-02-09T16:05:06 IST" duration-ms="75" status="PASS">
          <reporter-output>
          </reporter-output>
        </test-method> <!-- pageClassInitialization -->
        <test-method signature="verifyListNoSTest(java.lang.String)[pri:25, instance:testcases.AutomobilePageVehicleDataTest@62379589]" started-at="2024-02-09T16:05:06 IST" name="verifyListNoSTest" data-provider="getNoSData" finished-at="2024-02-09T16:05:06 IST" duration-ms="375" status="PASS">
          <params>
            <param index="0">
              <value>
                <![CDATA[6]]>
              </value>
            </param>
          </params>
          <reporter-output>
          </reporter-output>
        </test-method> <!-- verifyListNoSTest -->
        <test-method is-config="true" signature="pageClassInitialization()[pri:0, instance:testcases.AutomobilePageVehicleDataTest@62379589]" started-at="2024-02-09T16:05:06 IST" name="pageClassInitialization" finished-at="2024-02-09T16:05:06 IST" duration-ms="76" status="PASS">
          <reporter-output>
          </reporter-output>
        </test-method> <!-- pageClassInitialization -->
        <test-method signature="verifyListNoSTest(java.lang.String)[pri:25, instance:testcases.AutomobilePageVehicleDataTest@62379589]" started-at="2024-02-09T16:05:06 IST" name="verifyListNoSTest" data-provider="getNoSData" finished-at="2024-02-09T16:05:06 IST" duration-ms="377" status="PASS">
          <params>
            <param index="0">
              <value>
                <![CDATA[7]]>
              </value>
            </param>
          </params>
          <reporter-output>
          </reporter-output>
        </test-method> <!-- verifyListNoSTest -->
        <test-method is-config="true" signature="pageClassInitialization()[pri:0, instance:testcases.AutomobilePageVehicleDataTest@62379589]" started-at="2024-02-09T16:05:06 IST" name="pageClassInitialization" finished-at="2024-02-09T16:05:06 IST" duration-ms="75" status="PASS">
          <reporter-output>
          </reporter-output>
        </test-method> <!-- pageClassInitialization -->
        <test-method signature="verifyListNoSTest(java.lang.String)[pri:25, instance:testcases.AutomobilePageVehicleDataTest@62379589]" started-at="2024-02-09T16:05:06 IST" name="verifyListNoSTest" data-provider="getNoSData" finished-at="2024-02-09T16:05:07 IST" duration-ms="395" status="PASS">
          <params>
            <param index="0">
              <value>
                <![CDATA[8]]>
              </value>
            </param>
          </params>
          <reporter-output>
          </reporter-output>
        </test-method> <!-- verifyListNoSTest -->
        <test-method is-config="true" signature="pageClassInitialization()[pri:0, instance:testcases.AutomobilePageVehicleDataTest@62379589]" started-at="2024-02-09T16:05:07 IST" name="pageClassInitialization" finished-at="2024-02-09T16:05:07 IST" duration-ms="72" status="PASS">
          <reporter-output>
          </reporter-output>
        </test-method> <!-- pageClassInitialization -->
        <test-method signature="verifyListNoSTest(java.lang.String)[pri:25, instance:testcases.AutomobilePageVehicleDataTest@62379589]" started-at="2024-02-09T16:05:07 IST" name="verifyListNoSTest" data-provider="getNoSData" finished-at="2024-02-09T16:05:07 IST" duration-ms="404" status="PASS">
          <params>
            <param index="0">
              <value>
                <![CDATA[9]]>
              </value>
            </param>
          </params>
          <reporter-output>
          </reporter-output>
        </test-method> <!-- verifyListNoSTest -->
        <test-method is-config="true" signature="pageClassInitialization()[pri:0, instance:testcases.AutomobilePageVehicleDataTest@62379589]" started-at="2024-02-09T16:05:07 IST" name="pageClassInitialization" finished-at="2024-02-09T16:05:07 IST" duration-ms="73" status="PASS">
          <reporter-output>
          </reporter-output>
        </test-method> <!-- pageClassInitialization -->
        <test-method signature="verifyDropdownNoSTest()[pri:26, instance:testcases.AutomobilePageVehicleDataTest@62379589]" started-at="2024-02-09T16:05:07 IST" name="verifyDropdownNoSTest" finished-at="2024-02-09T16:05:08 IST" duration-ms="316" status="PASS">
          <reporter-output>
          </reporter-output>
        </test-method> <!-- verifyDropdownNoSTest -->
        <test-method is-config="true" signature="pageClassInitialization()[pri:0, instance:testcases.AutomobilePageVehicleDataTest@62379589]" started-at="2024-02-09T16:05:08 IST" name="pageClassInitialization" finished-at="2024-02-09T16:05:08 IST" duration-ms="81" status="PASS">
          <reporter-output>
          </reporter-output>
        </test-method> <!-- pageClassInitialization -->
        <test-method signature="verifyManSignFTTest()[pri:27, instance:testcases.AutomobilePageVehicleDataTest@62379589]" started-at="2024-02-09T16:05:08 IST" name="verifyManSignFTTest" finished-at="2024-02-09T16:05:08 IST" duration-ms="39" status="PASS">
          <reporter-output>
          </reporter-output>
        </test-method> <!-- verifyManSignFTTest -->
        <test-method is-config="true" signature="pageClassInitialization()[pri:0, instance:testcases.AutomobilePageVehicleDataTest@62379589]" started-at="2024-02-09T16:05:08 IST" name="pageClassInitialization" finished-at="2024-02-09T16:05:08 IST" duration-ms="66" status="PASS">
          <reporter-output>
          </reporter-output>
        </test-method> <!-- pageClassInitialization -->
        <test-method signature="verifyHovErrMsgFTTest()[pri:28, instance:testcases.AutomobilePageVehicleDataTest@62379589]" started-at="2024-02-09T16:05:08 IST" name="verifyHovErrMsgFTTest" finished-at="2024-02-09T16:05:08 IST" duration-ms="171" status="FAIL">
          <exception class="java.lang.AssertionError">
            <message>
              <![CDATA[expected [Select an option] but found []]]>
            </message>
            <full-stacktrace>
              <![CDATA[java.lang.AssertionError: expected [Select an option] but found []
at org.testng.Assert.fail(Assert.java:99)
at org.testng.Assert.failNotEquals(Assert.java:1037)
at org.testng.Assert.assertEqualsImpl(Assert.java:140)
at org.testng.Assert.assertEquals(Assert.java:122)
at org.testng.Assert.assertEquals(Assert.java:629)
at org.testng.Assert.assertEquals(Assert.java:639)
at testcases.AutomobilePageVehicleDataTest.verifyHovErrMsgFTTest(AutomobilePageVehicleDataTest.java:205)
at java.base/jdk.internal.reflect.NativeMethodAccessorImpl.invoke0(Native Method)
at java.base/jdk.internal.reflect.NativeMethodAccessorImpl.invoke(NativeMethodAccessorImpl.java:77)
at java.base/jdk.internal.reflect.DelegatingMethodAccessorImpl.invoke(DelegatingMethodAccessorImpl.java:43)
at java.base/java.lang.reflect.Method.invoke(Method.java:568)
at org.testng.internal.MethodInvocationHelper.invokeMethod(MethodInvocationHelper.java:133)
at org.testng.internal.TestInvoker.invokeMethod(TestInvoker.java:598)
at org.testng.internal.TestInvoker.invokeTestMethod(TestInvoker.java:173)
at org.testng.internal.MethodRunner.runInSequence(MethodRunner.java:46)
at org.testng.internal.TestInvoker$MethodInvocationAgent.invoke(TestInvoker.java:824)
at org.testng.internal.TestInvoker.invokeTestMethods(TestInvoker.java:146)
at org.testng.internal.TestMethodWorker.invokeTestMethods(TestMethodWorker.java:146)
at org.testng.internal.TestMethodWorker.run(TestMethodWorker.java:128)
at java.base/java.util.ArrayList.forEach(ArrayList.java:1511)
at org.testng.TestRunner.privateRun(TestRunner.java:794)
at org.testng.TestRunner.run(TestRunner.java:596)
at org.testng.SuiteRunner.runTest(SuiteRunner.java:377)
at org.testng.SuiteRunner.runSequentially(SuiteRunner.java:371)
at org.testng.SuiteRunner.privateRun(SuiteRunner.java:332)
at org.testng.SuiteRunner.run(SuiteRunner.java:276)
at org.testng.SuiteRunnerWorker.runSuite(SuiteRunnerWorker.java:53)
at org.testng.SuiteRunnerWorker.run(SuiteRunnerWorker.java:96)
at org.testng.TestNG.runSuitesSequentially(TestNG.java:1212)
at org.testng.TestNG.runSuitesLocally(TestNG.java:1134)
at org.testng.TestNG.runSuites(TestNG.java:1063)
at org.testng.TestNG.run(TestNG.java:1031)
at org.testng.remote.AbstractRemoteTestNG.run(AbstractRemoteTestNG.java:115)
at org.testng.remote.RemoteTestNG.initAndRun(RemoteTestNG.java:251)
at org.testng.remote.RemoteTestNG.main(RemoteTestNG.java:77)
]]>
            </full-stacktrace>
          </exception> <!-- java.lang.AssertionError -->
          <reporter-output>
          </reporter-output>
        </test-method> <!-- verifyHovErrMsgFTTest -->
        <test-method is-config="true" signature="pageClassInitialization()[pri:0, instance:testcases.AutomobilePageVehicleDataTest@62379589]" started-at="2024-02-09T16:05:08 IST" name="pageClassInitialization" finished-at="2024-02-09T16:05:08 IST" duration-ms="62" status="PASS">
          <reporter-output>
          </reporter-output>
        </test-method> <!-- pageClassInitialization -->
        <test-method signature="verifyManMsgFTTest()[pri:29, instance:testcases.AutomobilePageVehicleDataTest@62379589]" started-at="2024-02-09T16:05:08 IST" name="verifyManMsgFTTest" finished-at="2024-02-09T16:05:09 IST" duration-ms="249" status="PASS">
          <reporter-output>
          </reporter-output>
        </test-method> <!-- verifyManMsgFTTest -->
        <test-method is-config="true" signature="pageClassInitialization()[pri:0, instance:testcases.AutomobilePageVehicleDataTest@62379589]" started-at="2024-02-09T16:05:09 IST" name="pageClassInitialization" finished-at="2024-02-09T16:05:09 IST" duration-ms="78" status="PASS">
          <reporter-output>
          </reporter-output>
        </test-method> <!-- pageClassInitialization -->
        <test-method signature="verifyListFTTest(java.lang.String)[pri:30, instance:testcases.AutomobilePageVehicleDataTest@62379589]" started-at="2024-02-09T16:05:09 IST" name="verifyListFTTest" data-provider="getFTData" finished-at="2024-02-09T16:05:09 IST" duration-ms="332" status="PASS">
          <params>
            <param index="0">
              <value>
                <![CDATA[Petrol]]>
              </value>
            </param>
          </params>
          <reporter-output>
          </reporter-output>
        </test-method> <!-- verifyListFTTest -->
        <test-method is-config="true" signature="pageClassInitialization()[pri:0, instance:testcases.AutomobilePageVehicleDataTest@62379589]" started-at="2024-02-09T16:05:09 IST" name="pageClassInitialization" finished-at="2024-02-09T16:05:09 IST" duration-ms="76" status="PASS">
          <reporter-output>
          </reporter-output>
        </test-method> <!-- pageClassInitialization -->
        <test-method signature="verifyListFTTest(java.lang.String)[pri:30, instance:testcases.AutomobilePageVehicleDataTest@62379589]" started-at="2024-02-09T16:05:09 IST" name="verifyListFTTest" data-provider="getFTData" finished-at="2024-02-09T16:05:09 IST" duration-ms="345" status="PASS">
          <params>
            <param index="0">
              <value>
                <![CDATA[Diesel]]>
              </value>
            </param>
          </params>
          <reporter-output>
          </reporter-output>
        </test-method> <!-- verifyListFTTest -->
        <test-method is-config="true" signature="pageClassInitialization()[pri:0, instance:testcases.AutomobilePageVehicleDataTest@62379589]" started-at="2024-02-09T16:05:09 IST" name="pageClassInitialization" finished-at="2024-02-09T16:05:10 IST" duration-ms="78" status="PASS">
          <reporter-output>
          </reporter-output>
        </test-method> <!-- pageClassInitialization -->
        <test-method signature="verifyListFTTest(java.lang.String)[pri:30, instance:testcases.AutomobilePageVehicleDataTest@62379589]" started-at="2024-02-09T16:05:10 IST" name="verifyListFTTest" data-provider="getFTData" finished-at="2024-02-09T16:05:10 IST" duration-ms="342" status="PASS">
          <params>
            <param index="0">
              <value>
                <![CDATA[Electric Power]]>
              </value>
            </param>
          </params>
          <reporter-output>
          </reporter-output>
        </test-method> <!-- verifyListFTTest -->
        <test-method is-config="true" signature="pageClassInitialization()[pri:0, instance:testcases.AutomobilePageVehicleDataTest@62379589]" started-at="2024-02-09T16:05:10 IST" name="pageClassInitialization" finished-at="2024-02-09T16:05:10 IST" duration-ms="78" status="PASS">
          <reporter-output>
          </reporter-output>
        </test-method> <!-- pageClassInitialization -->
        <test-method signature="verifyListFTTest(java.lang.String)[pri:30, instance:testcases.AutomobilePageVehicleDataTest@62379589]" started-at="2024-02-09T16:05:10 IST" name="verifyListFTTest" data-provider="getFTData" finished-at="2024-02-09T16:05:10 IST" duration-ms="346" status="PASS">
          <params>
            <param index="0">
              <value>
                <![CDATA[Gas]]>
              </value>
            </param>
          </params>
          <reporter-output>
          </reporter-output>
        </test-method> <!-- verifyListFTTest -->
        <test-method is-config="true" signature="pageClassInitialization()[pri:0, instance:testcases.AutomobilePageVehicleDataTest@62379589]" started-at="2024-02-09T16:05:10 IST" name="pageClassInitialization" finished-at="2024-02-09T16:05:10 IST" duration-ms="81" status="PASS">
          <reporter-output>
          </reporter-output>
        </test-method> <!-- pageClassInitialization -->
        <test-method signature="verifyListFTTest(java.lang.String)[pri:30, instance:testcases.AutomobilePageVehicleDataTest@62379589]" started-at="2024-02-09T16:05:10 IST" name="verifyListFTTest" data-provider="getFTData" finished-at="2024-02-09T16:05:11 IST" duration-ms="395" status="PASS">
          <params>
            <param index="0">
              <value>
                <![CDATA[Other]]>
              </value>
            </param>
          </params>
          <reporter-output>
          </reporter-output>
        </test-method> <!-- verifyListFTTest -->
        <test-method is-config="true" signature="pageClassInitialization()[pri:0, instance:testcases.AutomobilePageVehicleDataTest@62379589]" started-at="2024-02-09T16:05:11 IST" name="pageClassInitialization" finished-at="2024-02-09T16:05:11 IST" duration-ms="76" status="PASS">
          <reporter-output>
          </reporter-output>
        </test-method> <!-- pageClassInitialization -->
        <test-method signature="verifyDropdownFTTest()[pri:31, instance:testcases.AutomobilePageVehicleDataTest@62379589]" started-at="2024-02-09T16:05:11 IST" name="verifyDropdownFTTest" finished-at="2024-02-09T16:05:11 IST" duration-ms="284" status="PASS">
          <reporter-output>
          </reporter-output>
        </test-method> <!-- verifyDropdownFTTest -->
        <test-method is-config="true" signature="pageClassInitialization()[pri:0, instance:testcases.AutomobilePageVehicleDataTest@62379589]" started-at="2024-02-09T16:05:11 IST" name="pageClassInitialization" finished-at="2024-02-09T16:05:11 IST" duration-ms="71" status="PASS">
          <reporter-output>
          </reporter-output>
        </test-method> <!-- pageClassInitialization -->
        <test-method signature="verifyManSignLPTest()[pri:32, instance:testcases.AutomobilePageVehicleDataTest@62379589]" started-at="2024-02-09T16:05:11 IST" name="verifyManSignLPTest" finished-at="2024-02-09T16:05:11 IST" duration-ms="36" status="PASS">
          <reporter-output>
          </reporter-output>
        </test-method> <!-- verifyManSignLPTest -->
        <test-method is-config="true" signature="pageClassInitialization()[pri:0, instance:testcases.AutomobilePageVehicleDataTest@62379589]" started-at="2024-02-09T16:05:11 IST" name="pageClassInitialization" finished-at="2024-02-09T16:05:11 IST" duration-ms="63" status="PASS">
          <reporter-output>
          </reporter-output>
        </test-method> <!-- pageClassInitialization -->
        <test-method signature="verifyHovErrMsgLPTest()[pri:33, instance:testcases.AutomobilePageVehicleDataTest@62379589]" started-at="2024-02-09T16:05:11 IST" name="verifyHovErrMsgLPTest" finished-at="2024-02-09T16:05:11 IST" duration-ms="165" status="FAIL">
          <exception class="java.lang.AssertionError">
            <message>
              <![CDATA[expected [This field is mandatory] but found []]]>
            </message>
            <full-stacktrace>
              <![CDATA[java.lang.AssertionError: expected [This field is mandatory] but found []
at org.testng.Assert.fail(Assert.java:99)
at org.testng.Assert.failNotEquals(Assert.java:1037)
at org.testng.Assert.assertEqualsImpl(Assert.java:140)
at org.testng.Assert.assertEquals(Assert.java:122)
at org.testng.Assert.assertEquals(Assert.java:629)
at org.testng.Assert.assertEquals(Assert.java:639)
at testcases.AutomobilePageVehicleDataTest.verifyHovErrMsgLPTest(AutomobilePageVehicleDataTest.java:241)
at java.base/jdk.internal.reflect.NativeMethodAccessorImpl.invoke0(Native Method)
at java.base/jdk.internal.reflect.NativeMethodAccessorImpl.invoke(NativeMethodAccessorImpl.java:77)
at java.base/jdk.internal.reflect.DelegatingMethodAccessorImpl.invoke(DelegatingMethodAccessorImpl.java:43)
at java.base/java.lang.reflect.Method.invoke(Method.java:568)
at org.testng.internal.MethodInvocationHelper.invokeMethod(MethodInvocationHelper.java:133)
at org.testng.internal.TestInvoker.invokeMethod(TestInvoker.java:598)
at org.testng.internal.TestInvoker.invokeTestMethod(TestInvoker.java:173)
at org.testng.internal.MethodRunner.runInSequence(MethodRunner.java:46)
at org.testng.internal.TestInvoker$MethodInvocationAgent.invoke(TestInvoker.java:824)
at org.testng.internal.TestInvoker.invokeTestMethods(TestInvoker.java:146)
at org.testng.internal.TestMethodWorker.invokeTestMethods(TestMethodWorker.java:146)
at org.testng.internal.TestMethodWorker.run(TestMethodWorker.java:128)
at java.base/java.util.ArrayList.forEach(ArrayList.java:1511)
at org.testng.TestRunner.privateRun(TestRunner.java:794)
at org.testng.TestRunner.run(TestRunner.java:596)
at org.testng.SuiteRunner.runTest(SuiteRunner.java:377)
at org.testng.SuiteRunner.runSequentially(SuiteRunner.java:371)
at org.testng.SuiteRunner.privateRun(SuiteRunner.java:332)
at org.testng.SuiteRunner.run(SuiteRunner.java:276)
at org.testng.SuiteRunnerWorker.runSuite(SuiteRunnerWorker.java:53)
at org.testng.SuiteRunnerWorker.run(SuiteRunnerWorker.java:96)
at org.testng.TestNG.runSuitesSequentially(TestNG.java:1212)
at org.testng.TestNG.runSuitesLocally(TestNG.java:1134)
at org.testng.TestNG.runSuites(TestNG.java:1063)
at org.testng.TestNG.run(TestNG.java:1031)
at org.testng.remote.AbstractRemoteTestNG.run(AbstractRemoteTestNG.java:115)
at org.testng.remote.RemoteTestNG.initAndRun(RemoteTestNG.java:251)
at org.testng.remote.RemoteTestNG.main(RemoteTestNG.java:77)
]]>
            </full-stacktrace>
          </exception> <!-- java.lang.AssertionError -->
          <reporter-output>
          </reporter-output>
        </test-method> <!-- verifyHovErrMsgLPTest -->
        <test-method is-config="true" signature="pageClassInitialization()[pri:0, instance:testcases.AutomobilePageVehicleDataTest@62379589]" started-at="2024-02-09T16:05:12 IST" name="pageClassInitialization" finished-at="2024-02-09T16:05:12 IST" duration-ms="72" status="PASS">
          <reporter-output>
          </reporter-output>
        </test-method> <!-- pageClassInitialization -->
        <test-method signature="verifyManMsgLPTest()[pri:34, instance:testcases.AutomobilePageVehicleDataTest@62379589]" started-at="2024-02-09T16:05:12 IST" name="verifyManMsgLPTest" finished-at="2024-02-09T16:05:12 IST" duration-ms="179" status="PASS">
          <reporter-output>
          </reporter-output>
        </test-method> <!-- verifyManMsgLPTest -->
        <test-method is-config="true" signature="pageClassInitialization()[pri:0, instance:testcases.AutomobilePageVehicleDataTest@62379589]" started-at="2024-02-09T16:05:12 IST" name="pageClassInitialization" finished-at="2024-02-09T16:05:12 IST" duration-ms="65" status="PASS">
          <reporter-output>
          </reporter-output>
        </test-method> <!-- pageClassInitialization -->
        <test-method signature="alphaErrMsgLPTest()[pri:35, instance:testcases.AutomobilePageVehicleDataTest@62379589]" started-at="2024-02-09T16:05:12 IST" name="alphaErrMsgLPTest" finished-at="2024-02-09T16:05:12 IST" duration-ms="212" status="PASS">
          <reporter-output>
          </reporter-output>
        </test-method> <!-- alphaErrMsgLPTest -->
        <test-method is-config="true" signature="pageClassInitialization()[pri:0, instance:testcases.AutomobilePageVehicleDataTest@62379589]" started-at="2024-02-09T16:05:12 IST" name="pageClassInitialization" finished-at="2024-02-09T16:05:12 IST" duration-ms="80" status="PASS">
          <reporter-output>
          </reporter-output>
        </test-method> <!-- pageClassInitialization -->
        <test-method signature="speErrMsgLPTest()[pri:36, instance:testcases.AutomobilePageVehicleDataTest@62379589]" started-at="2024-02-09T16:05:12 IST" name="speErrMsgLPTest" finished-at="2024-02-09T16:05:12 IST" duration-ms="247" status="PASS">
          <reporter-output>
          </reporter-output>
        </test-method> <!-- speErrMsgLPTest -->
        <test-method is-config="true" signature="pageClassInitialization()[pri:0, instance:testcases.AutomobilePageVehicleDataTest@62379589]" started-at="2024-02-09T16:05:12 IST" name="pageClassInitialization" finished-at="2024-02-09T16:05:13 IST" duration-ms="66" status="PASS">
          <reporter-output>
          </reporter-output>
        </test-method> <!-- pageClassInitialization -->
        <test-method signature="spaceErrMsgLPTest()[pri:37, instance:testcases.AutomobilePageVehicleDataTest@62379589]" started-at="2024-02-09T16:05:13 IST" name="spaceErrMsgLPTest" finished-at="2024-02-09T16:05:13 IST" duration-ms="211" status="PASS">
          <reporter-output>
          </reporter-output>
        </test-method> <!-- spaceErrMsgLPTest -->
        <test-method is-config="true" signature="pageClassInitialization()[pri:0, instance:testcases.AutomobilePageVehicleDataTest@62379589]" started-at="2024-02-09T16:05:13 IST" name="pageClassInitialization" finished-at="2024-02-09T16:05:13 IST" duration-ms="66" status="PASS">
          <reporter-output>
          </reporter-output>
        </test-method> <!-- pageClassInitialization -->
        <test-method signature="lowErrMsgLPTest()[pri:38, instance:testcases.AutomobilePageVehicleDataTest@62379589]" started-at="2024-02-09T16:05:13 IST" name="lowErrMsgLPTest" finished-at="2024-02-09T16:05:13 IST" duration-ms="237" status="PASS">
          <reporter-output>
          </reporter-output>
        </test-method> <!-- lowErrMsgLPTest -->
        <test-method is-config="true" signature="pageClassInitialization()[pri:0, instance:testcases.AutomobilePageVehicleDataTest@62379589]" started-at="2024-02-09T16:05:13 IST" name="pageClassInitialization" finished-at="2024-02-09T16:05:13 IST" duration-ms="65" status="PASS">
          <reporter-output>
          </reporter-output>
        </test-method> <!-- pageClassInitialization -->
        <test-method signature="highErrMsgLPTest()[pri:39, instance:testcases.AutomobilePageVehicleDataTest@62379589]" started-at="2024-02-09T16:05:13 IST" name="highErrMsgLPTest" finished-at="2024-02-09T16:05:13 IST" duration-ms="216" status="PASS">
          <reporter-output>
          </reporter-output>
        </test-method> <!-- highErrMsgLPTest -->
        <test-method is-config="true" signature="pageClassInitialization()[pri:0, instance:testcases.AutomobilePageVehicleDataTest@62379589]" started-at="2024-02-09T16:05:13 IST" name="pageClassInitialization" finished-at="2024-02-09T16:05:13 IST" duration-ms="62" status="PASS">
          <reporter-output>
          </reporter-output>
        </test-method> <!-- pageClassInitialization -->
        <test-method signature="trueValueLPTest()[pri:40, instance:testcases.AutomobilePageVehicleDataTest@62379589]" started-at="2024-02-09T16:05:13 IST" name="trueValueLPTest" finished-at="2024-02-09T16:05:14 IST" duration-ms="205" status="PASS">
          <reporter-output>
          </reporter-output>
        </test-method> <!-- trueValueLPTest -->
        <test-method is-config="true" signature="pageClassInitialization()[pri:0, instance:testcases.AutomobilePageVehicleDataTest@62379589]" started-at="2024-02-09T16:05:14 IST" name="pageClassInitialization" finished-at="2024-02-09T16:05:14 IST" duration-ms="81" status="PASS">
          <reporter-output>
          </reporter-output>
        </test-method> <!-- pageClassInitialization -->
        <test-method signature="verifyErrMsgLicPNTest()[pri:41, instance:testcases.AutomobilePageVehicleDataTest@62379589]" started-at="2024-02-09T16:05:14 IST" name="verifyErrMsgLicPNTest" finished-at="2024-02-09T16:05:14 IST" duration-ms="249" status="PASS">
          <reporter-output>
          </reporter-output>
        </test-method> <!-- verifyErrMsgLicPNTest -->
        <test-method is-config="true" signature="pageClassInitialization()[pri:0, instance:testcases.AutomobilePageVehicleDataTest@62379589]" started-at="2024-02-09T16:05:14 IST" name="pageClassInitialization" finished-at="2024-02-09T16:05:14 IST" duration-ms="70" status="PASS">
          <reporter-output>
          </reporter-output>
        </test-method> <!-- pageClassInitialization -->
        <test-method signature="verifyTrueLicPNTest()[pri:42, instance:testcases.AutomobilePageVehicleDataTest@62379589]" started-at="2024-02-09T16:05:14 IST" name="verifyTrueLicPNTest" finished-at="2024-02-09T16:05:14 IST" duration-ms="241" status="PASS">
          <reporter-output>
          </reporter-output>
        </test-method> <!-- verifyTrueLicPNTest -->
        <test-method is-config="true" signature="pageClassInitialization()[pri:0, instance:testcases.AutomobilePageVehicleDataTest@62379589]" started-at="2024-02-09T16:05:14 IST" name="pageClassInitialization" finished-at="2024-02-09T16:05:14 IST" duration-ms="69" status="PASS">
          <reporter-output>
          </reporter-output>
        </test-method> <!-- pageClassInitialization -->
        <test-method signature="verifyManSignAMTest()[pri:43, instance:testcases.AutomobilePageVehicleDataTest@62379589]" started-at="2024-02-09T16:05:14 IST" name="verifyManSignAMTest" finished-at="2024-02-09T16:05:14 IST" duration-ms="37" status="PASS">
          <reporter-output>
          </reporter-output>
        </test-method> <!-- verifyManSignAMTest -->
        <test-method is-config="true" signature="pageClassInitialization()[pri:0, instance:testcases.AutomobilePageVehicleDataTest@62379589]" started-at="2024-02-09T16:05:14 IST" name="pageClassInitialization" finished-at="2024-02-09T16:05:14 IST" duration-ms="66" status="PASS">
          <reporter-output>
          </reporter-output>
        </test-method> <!-- pageClassInitialization -->
        <test-method signature="verifyHovErrMsgAMTest()[pri:44, instance:testcases.AutomobilePageVehicleDataTest@62379589]" started-at="2024-02-09T16:05:14 IST" name="verifyHovErrMsgAMTest" finished-at="2024-02-09T16:05:15 IST" duration-ms="168" status="FAIL">
          <exception class="java.lang.AssertionError">
            <message>
              <![CDATA[expected [This field is mandatory] but found []]]>
            </message>
            <full-stacktrace>
              <![CDATA[java.lang.AssertionError: expected [This field is mandatory] but found []
at org.testng.Assert.fail(Assert.java:99)
at org.testng.Assert.failNotEquals(Assert.java:1037)
at org.testng.Assert.assertEqualsImpl(Assert.java:140)
at org.testng.Assert.assertEquals(Assert.java:122)
at org.testng.Assert.assertEquals(Assert.java:629)
at org.testng.Assert.assertEquals(Assert.java:639)
at testcases.AutomobilePageVehicleDataTest.verifyHovErrMsgAMTest(AutomobilePageVehicleDataTest.java:307)
at java.base/jdk.internal.reflect.NativeMethodAccessorImpl.invoke0(Native Method)
at java.base/jdk.internal.reflect.NativeMethodAccessorImpl.invoke(NativeMethodAccessorImpl.java:77)
at java.base/jdk.internal.reflect.DelegatingMethodAccessorImpl.invoke(DelegatingMethodAccessorImpl.java:43)
at java.base/java.lang.reflect.Method.invoke(Method.java:568)
at org.testng.internal.MethodInvocationHelper.invokeMethod(MethodInvocationHelper.java:133)
at org.testng.internal.TestInvoker.invokeMethod(TestInvoker.java:598)
at org.testng.internal.TestInvoker.invokeTestMethod(TestInvoker.java:173)
at org.testng.internal.MethodRunner.runInSequence(MethodRunner.java:46)
at org.testng.internal.TestInvoker$MethodInvocationAgent.invoke(TestInvoker.java:824)
at org.testng.internal.TestInvoker.invokeTestMethods(TestInvoker.java:146)
at org.testng.internal.TestMethodWorker.invokeTestMethods(TestMethodWorker.java:146)
at org.testng.internal.TestMethodWorker.run(TestMethodWorker.java:128)
at java.base/java.util.ArrayList.forEach(ArrayList.java:1511)
at org.testng.TestRunner.privateRun(TestRunner.java:794)
at org.testng.TestRunner.run(TestRunner.java:596)
at org.testng.SuiteRunner.runTest(SuiteRunner.java:377)
at org.testng.SuiteRunner.runSequentially(SuiteRunner.java:371)
at org.testng.SuiteRunner.privateRun(SuiteRunner.java:332)
at org.testng.SuiteRunner.run(SuiteRunner.java:276)
at org.testng.SuiteRunnerWorker.runSuite(SuiteRunnerWorker.java:53)
at org.testng.SuiteRunnerWorker.run(SuiteRunnerWorker.java:96)
at org.testng.TestNG.runSuitesSequentially(TestNG.java:1212)
at org.testng.TestNG.runSuitesLocally(TestNG.java:1134)
at org.testng.TestNG.runSuites(TestNG.java:1063)
at org.testng.TestNG.run(TestNG.java:1031)
at org.testng.remote.AbstractRemoteTestNG.run(AbstractRemoteTestNG.java:115)
at org.testng.remote.RemoteTestNG.initAndRun(RemoteTestNG.java:251)
at org.testng.remote.RemoteTestNG.main(RemoteTestNG.java:77)
]]>
            </full-stacktrace>
          </exception> <!-- java.lang.AssertionError -->
          <reporter-output>
          </reporter-output>
        </test-method> <!-- verifyHovErrMsgAMTest -->
        <test-method is-config="true" signature="pageClassInitialization()[pri:0, instance:testcases.AutomobilePageVehicleDataTest@62379589]" started-at="2024-02-09T16:05:15 IST" name="pageClassInitialization" finished-at="2024-02-09T16:05:15 IST" duration-ms="71" status="PASS">
          <reporter-output>
          </reporter-output>
        </test-method> <!-- pageClassInitialization -->
        <test-method signature="verifyManMsgAMTest()[pri:45, instance:testcases.AutomobilePageVehicleDataTest@62379589]" started-at="2024-02-09T16:05:15 IST" name="verifyManMsgAMTest" finished-at="2024-02-09T16:05:15 IST" duration-ms="182" status="PASS">
          <reporter-output>
          </reporter-output>
        </test-method> <!-- verifyManMsgAMTest -->
        <test-method is-config="true" signature="pageClassInitialization()[pri:0, instance:testcases.AutomobilePageVehicleDataTest@62379589]" started-at="2024-02-09T16:05:15 IST" name="pageClassInitialization" finished-at="2024-02-09T16:05:15 IST" duration-ms="68" status="PASS">
          <reporter-output>
          </reporter-output>
        </test-method> <!-- pageClassInitialization -->
        <test-method signature="alphaErrMsgAMTest()[pri:46, instance:testcases.AutomobilePageVehicleDataTest@62379589]" started-at="2024-02-09T16:05:15 IST" name="alphaErrMsgAMTest" finished-at="2024-02-09T16:05:15 IST" duration-ms="205" status="PASS">
          <reporter-output>
          </reporter-output>
        </test-method> <!-- alphaErrMsgAMTest -->
        <test-method is-config="true" signature="pageClassInitialization()[pri:0, instance:testcases.AutomobilePageVehicleDataTest@62379589]" started-at="2024-02-09T16:05:15 IST" name="pageClassInitialization" finished-at="2024-02-09T16:05:15 IST" duration-ms="71" status="PASS">
          <reporter-output>
          </reporter-output>
        </test-method> <!-- pageClassInitialization -->
        <test-method signature="speErrMsgAMTest()[pri:47, instance:testcases.AutomobilePageVehicleDataTest@62379589]" started-at="2024-02-09T16:05:15 IST" name="speErrMsgAMTest" finished-at="2024-02-09T16:05:16 IST" duration-ms="224" status="PASS">
          <reporter-output>
          </reporter-output>
        </test-method> <!-- speErrMsgAMTest -->
        <test-method is-config="true" signature="pageClassInitialization()[pri:0, instance:testcases.AutomobilePageVehicleDataTest@62379589]" started-at="2024-02-09T16:05:16 IST" name="pageClassInitialization" finished-at="2024-02-09T16:05:16 IST" duration-ms="66" status="PASS">
          <reporter-output>
          </reporter-output>
        </test-method> <!-- pageClassInitialization -->
        <test-method signature="spaceErrMsgAMTest()[pri:48, instance:testcases.AutomobilePageVehicleDataTest@62379589]" started-at="2024-02-09T16:05:16 IST" name="spaceErrMsgAMTest" finished-at="2024-02-09T16:05:16 IST" duration-ms="213" status="PASS">
          <reporter-output>
          </reporter-output>
        </test-method> <!-- spaceErrMsgAMTest -->
        <test-method is-config="true" signature="pageClassInitialization()[pri:0, instance:testcases.AutomobilePageVehicleDataTest@62379589]" started-at="2024-02-09T16:05:16 IST" name="pageClassInitialization" finished-at="2024-02-09T16:05:16 IST" duration-ms="68" status="PASS">
          <reporter-output>
          </reporter-output>
        </test-method> <!-- pageClassInitialization -->
        <test-method signature="lowErrMsgAMTest()[pri:49, instance:testcases.AutomobilePageVehicleDataTest@62379589]" started-at="2024-02-09T16:05:16 IST" name="lowErrMsgAMTest" finished-at="2024-02-09T16:05:16 IST" duration-ms="209" status="PASS">
          <reporter-output>
          </reporter-output>
        </test-method> <!-- lowErrMsgAMTest -->
        <test-method is-config="true" signature="pageClassInitialization()[pri:0, instance:testcases.AutomobilePageVehicleDataTest@62379589]" started-at="2024-02-09T16:05:16 IST" name="pageClassInitialization" finished-at="2024-02-09T16:05:16 IST" duration-ms="69" status="PASS">
          <reporter-output>
          </reporter-output>
        </test-method> <!-- pageClassInitialization -->
        <test-method signature="highErrMsgAMTest()[pri:50, instance:testcases.AutomobilePageVehicleDataTest@62379589]" started-at="2024-02-09T16:05:16 IST" name="highErrMsgAMTest" finished-at="2024-02-09T16:05:16 IST" duration-ms="228" status="PASS">
          <reporter-output>
          </reporter-output>
        </test-method> <!-- highErrMsgAMTest -->
        <test-method is-config="true" signature="pageClassInitialization()[pri:0, instance:testcases.AutomobilePageVehicleDataTest@62379589]" started-at="2024-02-09T16:05:16 IST" name="pageClassInitialization" finished-at="2024-02-09T16:05:17 IST" duration-ms="66" status="PASS">
          <reporter-output>
          </reporter-output>
        </test-method> <!-- pageClassInitialization -->
        <test-method signature="trueValueAMTest()[pri:51, instance:testcases.AutomobilePageVehicleDataTest@62379589]" started-at="2024-02-09T16:05:17 IST" name="trueValueAMTest" finished-at="2024-02-09T16:05:17 IST" duration-ms="209" status="PASS">
          <reporter-output>
          </reporter-output>
        </test-method> <!-- trueValueAMTest -->
        <test-method is-config="true" signature="pageClassInitialization()[pri:0, instance:testcases.AutomobilePageVehicleDataTest@62379589]" started-at="2024-02-09T16:05:17 IST" name="pageClassInitialization" finished-at="2024-02-09T16:05:17 IST" duration-ms="65" status="PASS">
          <reporter-output>
          </reporter-output>
        </test-method> <!-- pageClassInitialization -->
        <test-method signature="verifyNextButtonTest()[pri:52, instance:testcases.AutomobilePageVehicleDataTest@62379589]" started-at="2024-02-09T16:05:17 IST" name="verifyNextButtonTest" finished-at="2024-02-09T16:05:17 IST" duration-ms="156" status="PASS">
          <reporter-output>
          </reporter-output>
        </test-method> <!-- verifyNextButtonTest -->
        <test-method is-config="true" signature="tearDown()[pri:0, instance:testcases.AutomobilePageVehicleDataTest@62379589]" started-at="2024-02-09T16:05:17 IST" name="tearDown" finished-at="2024-02-09T16:05:17 IST" duration-ms="315" status="PASS">
          <reporter-output>
          </reporter-output>
        </test-method> <!-- tearDown -->
      </class> <!-- testcases.AutomobilePageVehicleDataTest -->
    </test> <!-- Automobile Page Test Cases -->
    <test started-at="2024-02-09T16:05:18 IST" name="Truck Page Test Cases" finished-at="2024-02-09T16:05:22 IST" duration-ms="4180">
      <class name="testcases.TruckPageProductDataTest">
        <test-method is-config="true" signature="intializeExtentReports()[pri:0, instance:testcases.TruckPageProductDataTest@62ddbd7e]" started-at="2024-02-09T16:04:39 IST" name="intializeExtentReports" finished-at="2024-02-09T16:04:39 IST" duration-ms="531" status="PASS">
          <reporter-output>
          </reporter-output>
        </test-method> <!-- intializeExtentReports -->
        <test-method is-config="true" signature="setUp()[pri:0, instance:testcases.TruckPageProductDataTest@62ddbd7e]" started-at="2024-02-09T16:05:18 IST" name="setUp" finished-at="2024-02-09T16:05:21 IST" duration-ms="2752" status="PASS">
          <reporter-output>
          </reporter-output>
        </test-method> <!-- setUp -->
        <test-method signature="google()[pri:0, instance:testcases.TruckPageProductDataTest@62ddbd7e]" started-at="2024-02-09T16:05:21 IST" name="google" finished-at="2024-02-09T16:05:22 IST" duration-ms="1199" status="PASS">
          <reporter-output>
          </reporter-output>
        </test-method> <!-- google -->
        <test-method is-config="true" signature="tearDown()[pri:0, instance:testcases.TruckPageProductDataTest@62ddbd7e]" started-at="2024-02-09T16:05:22 IST" name="tearDown" finished-at="2024-02-09T16:05:22 IST" duration-ms="229" status="PASS">
          <reporter-output>
          </reporter-output>
        </test-method> <!-- tearDown -->
      </class> <!-- testcases.TruckPageProductDataTest -->
    </test> <!-- Truck Page Test Cases -->
  </suite> <!-- Tricentis Application Automation Test Suite -->
</testng-results>
