<?xml version="1.0" encoding="UTF-8"?>
<!-- Generated by org.testng.reporters.JUnitReportReporter -->
<testsuite hostname="Salik" failures="3" tests="36" name="testcases.AutomobilePageVehicleDataTest" time="47.351" errors="0" timestamp="2024-02-09T13:17:53 IST" skipped="0">
  <testcase classname="testcases.AutomobilePageVehicleDataTest" name="verifyAutomobileLinkTest" time="2.034"/>
  <system-out/>
  <testcase classname="testcases.AutomobilePageVehicleDataTest" name="verifyManSignMakeTest" time="1.039"/>
  <system-out/>
  <testcase classname="testcases.AutomobilePageVehicleDataTest" name="verifyHovErrMsgMakeTest" time="1.277">
    <failure message="expected [Select an option] but found []" type="java.lang.AssertionError">
      <![CDATA[java.lang.AssertionError: expected [Select an option] but found []
at org.testng.Assert.fail(Assert.java:99)
at org.testng.Assert.failNotEquals(Assert.java:1037)
at org.testng.Assert.assertEqualsImpl(Assert.java:140)
at org.testng.Assert.assertEquals(Assert.java:122)
at org.testng.Assert.assertEquals(Assert.java:629)
at org.testng.Assert.assertEquals(Assert.java:639)
at testcases.AutomobilePageVehicleDataTest.verifyHovErrMsgMakeTest(AutomobilePageVehicleDataTest.java:37)
at java.base/jdk.internal.reflect.NativeMethodAccessorImpl.invoke0(Native Method)
at java.base/jdk.internal.reflect.NativeMethodAccessorImpl.invoke(NativeMethodAccessorImpl.java:77)
at java.base/jdk.internal.reflect.DelegatingMethodAccessorImpl.invoke(DelegatingMethodAccessorImpl.java:43)
at java.base/java.lang.reflect.Method.invoke(Method.java:568)
at org.testng.internal.MethodInvocationHelper.invokeMethod(MethodInvocationHelper.java:133)
at org.testng.internal.TestInvoker.invokeMethod(TestInvoker.java:598)
at org.testng.internal.TestInvoker.invokeTestMethod(TestInvoker.java:173)
at org.testng.internal.MethodRunner.runInSequence(MethodRunner.java:46)
at org.testng.internal.TestInvoker$MethodInvocationAgent.invoke(TestInvoker.java:824)
at org.testng.internal.TestInvoker.invokeTestMethods(TestInvoker.java:146)
at org.testng.internal.TestMethodWorker.invokeTestMethods(TestMethodWorker.java:146)
at org.testng.internal.TestMethodWorker.run(TestMethodWorker.java:128)
at java.base/java.util.ArrayList.forEach(ArrayList.java:1511)
at org.testng.TestRunner.privateRun(TestRunner.java:794)
at org.testng.TestRunner.run(TestRunner.java:596)
at org.testng.SuiteRunner.runTest(SuiteRunner.java:377)
at org.testng.SuiteRunner.runSequentially(SuiteRunner.java:371)
at org.testng.SuiteRunner.privateRun(SuiteRunner.java:332)
at org.testng.SuiteRunner.run(SuiteRunner.java:276)
at org.testng.SuiteRunnerWorker.runSuite(SuiteRunnerWorker.java:53)
at org.testng.SuiteRunnerWorker.run(SuiteRunnerWorker.java:96)
at org.testng.TestNG.runSuitesSequentially(TestNG.java:1212)
at org.testng.TestNG.runSuitesLocally(TestNG.java:1134)
at org.testng.TestNG.runSuites(TestNG.java:1063)
at org.testng.TestNG.run(TestNG.java:1031)
at org.testng.remote.AbstractRemoteTestNG.run(AbstractRemoteTestNG.java:115)
at org.testng.remote.RemoteTestNG.initAndRun(RemoteTestNG.java:251)
at org.testng.remote.RemoteTestNG.main(RemoteTestNG.java:77)
]]>
    </failure>
  </testcase> <!-- verifyHovErrMsgMakeTest -->
  <system-out/>
  <testcase classname="testcases.AutomobilePageVehicleDataTest" name="verifyDropdownMakeTest" time="1.155"/>
  <system-out/>
  <testcase classname="testcases.AutomobilePageVehicleDataTest" name="verifyManMsgMakeTest" time="1.274"/>
  <system-out/>
  <testcase classname="testcases.AutomobilePageVehicleDataTest" name="verifyListMakeTest" time="1.340"/>
  <system-out/>
  <testcase classname="testcases.AutomobilePageVehicleDataTest" name="verifyListMakeTest" time="1.376"/>
  <system-out/>
  <testcase classname="testcases.AutomobilePageVehicleDataTest" name="verifyListMakeTest" time="1.443"/>
  <system-out/>
  <testcase classname="testcases.AutomobilePageVehicleDataTest" name="verifyListMakeTest" time="1.398"/>
  <system-out/>
  <testcase classname="testcases.AutomobilePageVehicleDataTest" name="verifyListMakeTest" time="1.487"/>
  <system-out/>
  <testcase classname="testcases.AutomobilePageVehicleDataTest" name="verifyListMakeTest" time="1.354"/>
  <system-out/>
  <testcase classname="testcases.AutomobilePageVehicleDataTest" name="verifyListMakeTest" time="1.320"/>
  <system-out/>
  <testcase classname="testcases.AutomobilePageVehicleDataTest" name="verifyListMakeTest" time="1.481"/>
  <system-out/>
  <testcase classname="testcases.AutomobilePageVehicleDataTest" name="verifyListMakeTest" time="1.406"/>
  <system-out/>
  <testcase classname="testcases.AutomobilePageVehicleDataTest" name="verifyListMakeTest" time="1.396"/>
  <system-out/>
  <testcase classname="testcases.AutomobilePageVehicleDataTest" name="verifyListMakeTest" time="1.817"/>
  <system-out/>
  <testcase classname="testcases.AutomobilePageVehicleDataTest" name="verifyListMakeTest" time="1.421"/>
  <system-out/>
  <testcase classname="testcases.AutomobilePageVehicleDataTest" name="verifyListMakeTest" time="1.403"/>
  <system-out/>
  <testcase classname="testcases.AutomobilePageVehicleDataTest" name="verifyListMakeTest" time="1.456"/>
  <system-out/>
  <testcase classname="testcases.AutomobilePageVehicleDataTest" name="verifyListMakeTest" time="1.403"/>
  <system-out/>
  <testcase classname="testcases.AutomobilePageVehicleDataTest" name="verifyManSignEPTest" time="1.021"/>
  <system-out/>
  <testcase classname="testcases.AutomobilePageVehicleDataTest" name="verifyHovErrMsgEPTest" time="1.150">
    <failure message="expected [This field is mandatory] but found []" type="java.lang.AssertionError">
      <![CDATA[java.lang.AssertionError: expected [This field is mandatory] but found []
at org.testng.Assert.fail(Assert.java:99)
at org.testng.Assert.failNotEquals(Assert.java:1037)
at org.testng.Assert.assertEqualsImpl(Assert.java:140)
at org.testng.Assert.assertEquals(Assert.java:122)
at org.testng.Assert.assertEquals(Assert.java:629)
at org.testng.Assert.assertEquals(Assert.java:639)
at testcases.AutomobilePageVehicleDataTest.verifyHovErrMsgEPTest(AutomobilePageVehicleDataTest.java:74)
at java.base/jdk.internal.reflect.NativeMethodAccessorImpl.invoke0(Native Method)
at java.base/jdk.internal.reflect.NativeMethodAccessorImpl.invoke(NativeMethodAccessorImpl.java:77)
at java.base/jdk.internal.reflect.DelegatingMethodAccessorImpl.invoke(DelegatingMethodAccessorImpl.java:43)
at java.base/java.lang.reflect.Method.invoke(Method.java:568)
at org.testng.internal.MethodInvocationHelper.invokeMethod(MethodInvocationHelper.java:133)
at org.testng.internal.TestInvoker.invokeMethod(TestInvoker.java:598)
at org.testng.internal.TestInvoker.invokeTestMethod(TestInvoker.java:173)
at org.testng.internal.MethodRunner.runInSequence(MethodRunner.java:46)
at org.testng.internal.TestInvoker$MethodInvocationAgent.invoke(TestInvoker.java:824)
at org.testng.internal.TestInvoker.invokeTestMethods(TestInvoker.java:146)
at org.testng.internal.TestMethodWorker.invokeTestMethods(TestMethodWorker.java:146)
at org.testng.internal.TestMethodWorker.run(TestMethodWorker.java:128)
at java.base/java.util.ArrayList.forEach(ArrayList.java:1511)
at org.testng.TestRunner.privateRun(TestRunner.java:794)
at org.testng.TestRunner.run(TestRunner.java:596)
at org.testng.SuiteRunner.runTest(SuiteRunner.java:377)
at org.testng.SuiteRunner.runSequentially(SuiteRunner.java:371)
at org.testng.SuiteRunner.privateRun(SuiteRunner.java:332)
at org.testng.SuiteRunner.run(SuiteRunner.java:276)
at org.testng.SuiteRunnerWorker.runSuite(SuiteRunnerWorker.java:53)
at org.testng.SuiteRunnerWorker.run(SuiteRunnerWorker.java:96)
at org.testng.TestNG.runSuitesSequentially(TestNG.java:1212)
at org.testng.TestNG.runSuitesLocally(TestNG.java:1134)
at org.testng.TestNG.runSuites(TestNG.java:1063)
at org.testng.TestNG.run(TestNG.java:1031)
at org.testng.remote.AbstractRemoteTestNG.run(AbstractRemoteTestNG.java:115)
at org.testng.remote.RemoteTestNG.initAndRun(RemoteTestNG.java:251)
at org.testng.remote.RemoteTestNG.main(RemoteTestNG.java:77)
]]>
    </failure>
  </testcase> <!-- verifyHovErrMsgEPTest -->
  <system-out/>
  <testcase classname="testcases.AutomobilePageVehicleDataTest" name="verifyManMsgEPTest" time="1.108"/>
  <system-out/>
  <testcase classname="testcases.AutomobilePageVehicleDataTest" name="alphaErrMsgEPTest" time="1.141"/>
  <system-out/>
  <testcase classname="testcases.AutomobilePageVehicleDataTest" name="speErrMsgEPTest" time="1.481"/>
  <system-out/>
  <testcase classname="testcases.AutomobilePageVehicleDataTest" name="spaceErrMsgEPTest" time="1.213"/>
  <system-out/>
  <testcase classname="testcases.AutomobilePageVehicleDataTest" name="lowErrMsgEPTest" time="1.253"/>
  <system-out/>
  <testcase classname="testcases.AutomobilePageVehicleDataTest" name="highErrMsgEPTest" time="1.140"/>
  <system-out/>
  <testcase classname="testcases.AutomobilePageVehicleDataTest" name="trueValueEPTest" time="1.133"/>
  <system-out/>
  <testcase classname="testcases.AutomobilePageVehicleDataTest" name="verifyHovErrMsgDoMTest" time="1.154">
    <failure message="expected [This field is mandatory] but found []" type="java.lang.AssertionError">
      <![CDATA[java.lang.AssertionError: expected [This field is mandatory] but found []
at org.testng.Assert.fail(Assert.java:99)
at org.testng.Assert.failNotEquals(Assert.java:1037)
at org.testng.Assert.assertEqualsImpl(Assert.java:140)
at org.testng.Assert.assertEquals(Assert.java:122)
at org.testng.Assert.assertEquals(Assert.java:629)
at org.testng.Assert.assertEquals(Assert.java:639)
at testcases.AutomobilePageVehicleDataTest.verifyHovErrMsgDoMTest(AutomobilePageVehicleDataTest.java:122)
at java.base/jdk.internal.reflect.NativeMethodAccessorImpl.invoke0(Native Method)
at java.base/jdk.internal.reflect.NativeMethodAccessorImpl.invoke(NativeMethodAccessorImpl.java:77)
at java.base/jdk.internal.reflect.DelegatingMethodAccessorImpl.invoke(DelegatingMethodAccessorImpl.java:43)
at java.base/java.lang.reflect.Method.invoke(Method.java:568)
at org.testng.internal.MethodInvocationHelper.invokeMethod(MethodInvocationHelper.java:133)
at org.testng.internal.TestInvoker.invokeMethod(TestInvoker.java:598)
at org.testng.internal.TestInvoker.invokeTestMethod(TestInvoker.java:173)
at org.testng.internal.MethodRunner.runInSequence(MethodRunner.java:46)
at org.testng.internal.TestInvoker$MethodInvocationAgent.invoke(TestInvoker.java:824)
at org.testng.internal.TestInvoker.invokeTestMethods(TestInvoker.java:146)
at org.testng.internal.TestMethodWorker.invokeTestMethods(TestMethodWorker.java:146)
at org.testng.internal.TestMethodWorker.run(TestMethodWorker.java:128)
at java.base/java.util.ArrayList.forEach(ArrayList.java:1511)
at org.testng.TestRunner.privateRun(TestRunner.java:794)
at org.testng.TestRunner.run(TestRunner.java:596)
at org.testng.SuiteRunner.runTest(SuiteRunner.java:377)
at org.testng.SuiteRunner.runSequentially(SuiteRunner.java:371)
at org.testng.SuiteRunner.privateRun(SuiteRunner.java:332)
at org.testng.SuiteRunner.run(SuiteRunner.java:276)
at org.testng.SuiteRunnerWorker.runSuite(SuiteRunnerWorker.java:53)
at org.testng.SuiteRunnerWorker.run(SuiteRunnerWorker.java:96)
at org.testng.TestNG.runSuitesSequentially(TestNG.java:1212)
at org.testng.TestNG.runSuitesLocally(TestNG.java:1134)
at org.testng.TestNG.runSuites(TestNG.java:1063)
at org.testng.TestNG.run(TestNG.java:1031)
at org.testng.remote.AbstractRemoteTestNG.run(AbstractRemoteTestNG.java:115)
at org.testng.remote.RemoteTestNG.initAndRun(RemoteTestNG.java:251)
at org.testng.remote.RemoteTestNG.main(RemoteTestNG.java:77)
]]>
    </failure>
  </testcase> <!-- verifyHovErrMsgDoMTest -->
  <system-out/>
  <testcase classname="testcases.AutomobilePageVehicleDataTest" name="verifyDatePickerTest" time="1.045"/>
  <system-out/>
  <testcase classname="testcases.AutomobilePageVehicleDataTest" name="verifyCurMonthTest" time="1.127"/>
  <system-out/>
  <testcase classname="testcases.AutomobilePageVehicleDataTest" name="verifyFwdPrevButtonTest" time="1.416"/>
  <system-out/>
  <testcase classname="testcases.AutomobilePageVehicleDataTest" name="verifyFutureErrMsgTest" time="1.288"/>
  <system-out/>
  <testcase classname="testcases.AutomobilePageVehicleDataTest" name="verifyInvalidErrMsgTest" time="1.180"/>
  <system-out/>
  <testcase classname="testcases.AutomobilePageVehicleDataTest" name="verifyTrueDateTest" time="1.221"/>
  <system-out/>
</testsuite> <!-- testcases.AutomobilePageVehicleDataTest -->
